#
# There is insufficient memory for the Java Runtime Environment to continue.
# Native memory allocation (malloc) failed to allocate 1969936 bytes for Chunk::new
# Possible reasons:
#   The system is out of physical RAM or swap space
#   The process is running with CompressedOops enabled, and the Java Heap may be blocking the growth of the native heap
# Possible solutions:
#   Reduce memory load on the system
#   Increase physical memory or swap space
#   Check if swap backing store is full
#   Decrease Java heap size (-Xmx/-Xms)
#   Decrease number of Java threads
#   Decrease Java thread stack sizes (-Xss)
#   Set larger code cache with -XX:ReservedCodeCacheSize=
#   JVM is running with Unscaled Compressed Oops mode in which the Java heap is
#     placed in the first 4GB address space. The Java Heap base address is the
#     maximum limit for the native heap growth. Please use -XX:HeapBaseMinAddress
#     to set the Java Heap base and to place the Java Heap above 4GB virtual address.
# This output file may be truncated or incomplete.
#
#  Out of Memory Error (./src/hotspot/share/memory/arena.cpp:197), pid=13988, tid=8792
#
# JRE version: OpenJDK Runtime Environment 18.9 (11.0.15+10) (build 11.0.15+10)
# Java VM: OpenJDK 64-Bit Server VM 18.9 (11.0.15+10, mixed mode, tiered, compressed oops, g1 gc, windows-amd64)
# No core dump will be written. Minidumps are not enabled by default on client versions of Windows
#

---------------  S U M M A R Y ------------

Command Line: --add-opens=java.base/java.util=ALL-UNNAMED --add-opens=java.base/java.lang=ALL-UNNAMED --add-opens=java.base/java.lang.invoke=ALL-UNNAMED --add-opens=java.base/java.util=ALL-UNNAMED --add-opens=java.prefs/java.util.prefs=ALL-UNNAMED --add-opens=java.prefs/java.util.prefs=ALL-UNNAMED --add-opens=java.base/java.nio.charset=ALL-UNNAMED --add-opens=java.base/java.net=ALL-UNNAMED --add-opens=java.base/java.util.concurrent.atomic=ALL-UNNAMED -XX:MaxMetaspaceSize=256m -XX:+HeapDumpOnOutOfMemoryError -Xms256m -Xmx512m -Dfile.encoding=windows-1252 -Duser.country=US -Duser.language=en -Duser.variant org.gradle.launcher.daemon.bootstrap.GradleDaemon 7.2

Host: Intel(R) Core(TM) i5-2450M CPU @ 2.50GHz, 4 cores, 7G,  Windows 10 , 64 bit Build 19041 (10.0.19041.1889)
Time: Tue Sep 20 13:04:02 2022 Pakistan Standard Time elapsed time: 1192.835508 seconds (0d 0h 19m 52s)

---------------  T H R E A D  ---------------

Current thread (0x000002787f9f3800):  JavaThread "C2 CompilerThread0" daemon [_thread_in_native, id=8792, stack(0x0000009355400000,0x0000009355500000)]


Current CompileTask:
C2:1192835 22433       4       org.gradle.api.internal.artifacts.transform.TransformingAsyncArtifactListener$TransformedArtifact::lambda$visit$1 (65 bytes)

Stack: [0x0000009355400000,0x0000009355500000]
Native frames: (J=compiled Java code, j=interpreted, Vv=VM code, C=native code)
V  [jvm.dll+0x64dd3a]
V  [jvm.dll+0x7906c9]
V  [jvm.dll+0x791d9c]
V  [jvm.dll+0x792463]
V  [jvm.dll+0x265048]
V  [jvm.dll+0xc9da1]
V  [jvm.dll+0xca35c]
V  [jvm.dll+0x37c122]
V  [jvm.dll+0x347153]
V  [jvm.dll+0x34647a]
V  [jvm.dll+0x21e085]
V  [jvm.dll+0x21d25a]
V  [jvm.dll+0x19dd21]
V  [jvm.dll+0x22cc80]
V  [jvm.dll+0x22af81]
V  [jvm.dll+0x75254c]
V  [jvm.dll+0x74b12d]
V  [jvm.dll+0x64c8a6]
C  [ucrtbase.dll+0x21bb2]
C  [KERNEL32.DLL+0x17034]
C  [ntdll.dll+0x52651]


---------------  P R O C E S S  ---------------

Threads class SMR info:
_java_thread_list=0x0000027802ae7de0, length=92, elements={
0x0000027862b24000, 0x000002787f9d5800, 0x000002787f9db000, 0x000002787fb43000,
0x000002787f9e9800, 0x000002787f9ea800, 0x000002787f9f3800, 0x000002787f9fa000,
0x000002787fb4e000, 0x000002787fca1800, 0x0000027802530800, 0x00000278019fa000,
0x0000027801ef7800, 0x0000027801875000, 0x0000027801876800, 0x0000027801872800,
0x0000027801877800, 0x0000027801874000, 0x0000027802d06000, 0x0000027802d08800,
0x0000027802d09800, 0x0000027802d0a000, 0x0000027802d05800, 0x0000027802d0c000,
0x00000278047ab800, 0x00000278047ae800, 0x00000278047b0800, 0x0000027804499000,
0x0000027802e35000, 0x0000027802e38000, 0x0000027802e3a000, 0x0000027802e35800,
0x0000027802e39000, 0x0000027802e37800, 0x0000027802e34000, 0x0000027802e36800,
0x0000027802e3d000, 0x0000027802e3b800, 0x0000027802e3c800, 0x0000027802e3e000,
0x0000027802e3f800, 0x0000027802e40800, 0x0000027802e3a800, 0x0000027802e41000,
0x0000027802e42000, 0x0000027802e43000, 0x0000027804497800, 0x000002780449a000,
0x000002780449b800, 0x000002780449c000, 0x000002780449a800, 0x000002780449e000,
0x0000027804498000, 0x00000278044a1000, 0x000002780449f800, 0x00000278044a0800,
0x00000278044a2000, 0x00000278044a3000, 0x000002780449d000, 0x00000278044a3800,
0x00000278044a4800, 0x000002780449e800, 0x00000278044a5000, 0x00000278044a6000,
0x00000278047a6800, 0x00000278047a5000, 0x00000278047a4000, 0x00000278047a7800,
0x00000278047a9000, 0x00000278047a5800, 0x00000278047a8000, 0x00000278047a3000,
0x00000278047ac000, 0x00000278047aa800, 0x00000278047ae000, 0x00000278047af800,
0x00000278047a9800, 0x00000278047b1000, 0x00000278047b2000, 0x00000278047ad000,
0x0000027802d0c800, 0x0000027802d07000, 0x0000027802d0d800, 0x0000027802d08000,
0x0000027802d0e800, 0x0000027802d12800, 0x0000027802d0f000, 0x0000027802d11000,
0x0000027802d14000, 0x0000027802d11800, 0x00000278043f1800, 0x0000027802d10000
}

Java Threads: ( => current thread )
  0x0000027862b24000 JavaThread "main" [_thread_blocked, id=1232, stack(0x0000009354800000,0x0000009354900000)]
  0x000002787f9d5800 JavaThread "Reference Handler" daemon [_thread_blocked, id=9288, stack(0x0000009354f00000,0x0000009355000000)]
  0x000002787f9db000 JavaThread "Finalizer" daemon [_thread_blocked, id=1816, stack(0x0000009355000000,0x0000009355100000)]
  0x000002787fb43000 JavaThread "Signal Dispatcher" daemon [_thread_blocked, id=12788, stack(0x0000009355100000,0x0000009355200000)]
  0x000002787f9e9800 JavaThread "Attach Listener" daemon [_thread_blocked, id=4588, stack(0x0000009355200000,0x0000009355300000)]
  0x000002787f9ea800 JavaThread "Service Thread" daemon [_thread_blocked, id=12392, stack(0x0000009355300000,0x0000009355400000)]
=>0x000002787f9f3800 JavaThread "C2 CompilerThread0" daemon [_thread_in_native, id=8792, stack(0x0000009355400000,0x0000009355500000)]
  0x000002787f9fa000 JavaThread "C1 CompilerThread0" daemon [_thread_blocked, id=8452, stack(0x0000009355500000,0x0000009355600000)]
  0x000002787fb4e000 JavaThread "Sweeper thread" daemon [_thread_blocked, id=7288, stack(0x0000009355600000,0x0000009355700000)]
  0x000002787fca1800 JavaThread "Common-Cleaner" daemon [_thread_blocked, id=2024, stack(0x0000009355700000,0x0000009355800000)]
  0x0000027802530800 JavaThread "Daemon health stats" [_thread_blocked, id=8092, stack(0x0000009355c00000,0x0000009355d00000)]
  0x00000278019fa000 JavaThread "Incoming local TCP Connector on port 61202" [_thread_in_native, id=7988, stack(0x0000009355d00000,0x0000009355e00000)]
  0x0000027801ef7800 JavaThread "Daemon periodic checks" [_thread_blocked, id=12440, stack(0x0000009355e00000,0x0000009355f00000)]
  0x0000027801875000 JavaThread "Cache worker for journal cache (C:\Users\abbas\.gradle\caches\journal-1)" [_thread_blocked, id=10792, stack(0x0000009356600000,0x0000009356700000)]
  0x0000027801876800 JavaThread "File lock request listener" [_thread_in_native, id=6612, stack(0x0000009356700000,0x0000009356800000)]
  0x0000027801872800 JavaThread "Cache worker for file hash cache (C:\Users\abbas\.gradle\caches\7.2\fileHashes)" [_thread_blocked, id=8896, stack(0x0000009356800000,0x0000009356900000)]
  0x0000027801877800 JavaThread "File watcher server" daemon [_thread_in_native, id=10784, stack(0x0000009356a00000,0x0000009356b00000)]
  0x0000027801874000 JavaThread "File watcher consumer" daemon [_thread_blocked, id=7760, stack(0x0000009356b00000,0x0000009356c00000)]
  0x0000027802d06000 JavaThread "Cache worker for execution history cache (C:\Users\abbas\.gradle\caches\7.2\executionHistory)" [_thread_blocked, id=9508, stack(0x0000009356f00000,0x0000009357000000)]
  0x0000027802d08800 JavaThread "jar transforms" [_thread_blocked, id=904, stack(0x0000009357000000,0x0000009357100000)]
  0x0000027802d09800 JavaThread "jar transforms Thread 2" [_thread_blocked, id=8340, stack(0x0000009357100000,0x0000009357200000)]
  0x0000027802d0a000 JavaThread "Cache worker for file content cache (C:\Users\abbas\.gradle\caches\7.2\fileContent)" [_thread_blocked, id=10468, stack(0x0000009357200000,0x0000009357300000)]
  0x0000027802d05800 JavaThread "jar transforms Thread 3" [_thread_blocked, id=7704, stack(0x0000009357300000,0x0000009357400000)]
  0x0000027802d0c000 JavaThread "jar transforms Thread 4" [_thread_blocked, id=14232, stack(0x0000009357400000,0x0000009357500000)]
  0x00000278047ab800 JavaThread "Memory manager" [_thread_blocked, id=3712, stack(0x0000009357600000,0x0000009357700000)]
  0x00000278047ae800 JavaThread "Monitor" [_thread_in_native, id=13804, stack(0x000000935a500000,0x000000935a600000)]
  0x00000278047b0800 JavaThread "JdwpProxyConnection" [_thread_in_native, id=12656, stack(0x000000935a600000,0x000000935a700000)]
  0x0000027804499000 JavaThread "Device List Monitor" [_thread_in_native, id=3716, stack(0x000000935a700000,0x000000935a800000)]
  0x0000027802e35000 JavaThread "Daemon Thread 5" [_thread_blocked, id=3272, stack(0x0000009354500000,0x0000009354600000)]
  0x0000027802e38000 JavaThread "Handler for socket connection from /127.0.0.1:61202 to /127.0.0.1:61258" [_thread_in_native, id=4416, stack(0x0000009354600000,0x0000009354700000)]
  0x0000027802e3a000 JavaThread "Cancel handler" [_thread_blocked, id=5264, stack(0x0000009354700000,0x0000009354800000)]
  0x0000027802e35800 JavaThread "Daemon worker Thread 5" [_thread_in_native, id=10380, stack(0x0000009355f00000,0x0000009356000000)]
  0x0000027802e39000 JavaThread "Asynchronous log dispatcher for DefaultDaemonConnection: socket connection from /127.0.0.1:61202 to /127.0.0.1:61258" [_thread_blocked, id=12032, stack(0x0000009356000000,0x0000009356100000)]
  0x0000027802e37800 JavaThread "Stdin handler" [_thread_blocked, id=13080, stack(0x0000009356100000,0x0000009356200000)]
  0x0000027802e34000 JavaThread "Daemon client event forwarder" [_thread_blocked, id=9144, stack(0x0000009356200000,0x0000009356300000)]
  0x0000027802e36800 JavaThread "Cache worker for file hash cache (D:\C plus\Slyder-multipe-resolutions\slyderpro\android\.gradle\7.2\fileHashes)" [_thread_blocked, id=3428, stack(0x0000009356300000,0x0000009356400000)]
  0x0000027802e3d000 JavaThread "Cache worker for checksums cache (D:\C plus\Slyder-multipe-resolutions\slyderpro\android\.gradle\checksums)" [_thread_blocked, id=9392, stack(0x0000009356400000,0x0000009356500000)]
  0x0000027802e3b800 JavaThread "Cache worker for cache directory md-supplier (C:\Users\abbas\.gradle\caches\7.2\md-supplier)" [_thread_blocked, id=7060, stack(0x0000009356500000,0x0000009356600000)]
  0x0000027802e3c800 JavaThread "Cache worker for cache directory md-rule (C:\Users\abbas\.gradle\caches\7.2\md-rule)" [_thread_blocked, id=9800, stack(0x0000009356900000,0x0000009356a00000)]
  0x0000027802e3e000 JavaThread "Cache worker for dependencies-accessors (D:\C plus\Slyder-multipe-resolutions\slyderpro\android\.gradle\7.2\dependencies-accessors)" [_thread_blocked, id=5012, stack(0x0000009356c00000,0x0000009356d00000)]
  0x0000027802e3f800 JavaThread "Cache worker for Build Output Cleanup Cache (D:\C plus\Slyder-multipe-resolutions\slyderpro\android\.gradle\buildOutputCleanup)" [_thread_blocked, id=8744, stack(0x0000009356d00000,0x0000009356e00000)]
  0x0000027802e40800 JavaThread "Unconstrained build operations" [_thread_blocked, id=6800, stack(0x0000009356e00000,0x0000009356f00000)]
  0x0000027802e3a800 JavaThread "Unconstrained build operations Thread 2" [_thread_blocked, id=13708, stack(0x0000009357500000,0x0000009357600000)]
  0x0000027802e41000 JavaThread "Unconstrained build operations Thread 3" [_thread_blocked, id=2084, stack(0x0000009357700000,0x0000009357800000)]
  0x0000027802e42000 JavaThread "Unconstrained build operations Thread 4" [_thread_blocked, id=10364, stack(0x0000009357800000,0x0000009357900000)]
  0x0000027802e43000 JavaThread "Unconstrained build operations Thread 5" [_thread_blocked, id=11280, stack(0x0000009357900000,0x0000009357a00000)]
  0x0000027804497800 JavaThread "Unconstrained build operations Thread 6" [_thread_blocked, id=12492, stack(0x0000009357a00000,0x0000009357b00000)]
  0x000002780449a000 JavaThread "Unconstrained build operations Thread 7" [_thread_blocked, id=9948, stack(0x0000009357b00000,0x0000009357c00000)]
  0x000002780449b800 JavaThread "Unconstrained build operations Thread 8" [_thread_blocked, id=7516, stack(0x0000009357c00000,0x0000009357d00000)]
  0x000002780449c000 JavaThread "Unconstrained build operations Thread 9" [_thread_blocked, id=5588, stack(0x0000009357d00000,0x0000009357e00000)]
  0x000002780449a800 JavaThread "Unconstrained build operations Thread 10" [_thread_blocked, id=6672, stack(0x0000009357e00000,0x0000009357f00000)]
  0x000002780449e000 JavaThread "Unconstrained build operations Thread 11" [_thread_blocked, id=11652, stack(0x0000009357f00000,0x0000009358000000)]
  0x0000027804498000 JavaThread "Unconstrained build operations Thread 12" [_thread_blocked, id=7884, stack(0x0000009358000000,0x0000009358100000)]
  0x00000278044a1000 JavaThread "Unconstrained build operations Thread 13" [_thread_blocked, id=2376, stack(0x0000009358100000,0x0000009358200000)]
  0x000002780449f800 JavaThread "Unconstrained build operations Thread 14" [_thread_blocked, id=6180, stack(0x0000009358200000,0x0000009358300000)]
  0x00000278044a0800 JavaThread "Unconstrained build operations Thread 15" [_thread_blocked, id=8556, stack(0x0000009358300000,0x0000009358400000)]
  0x00000278044a2000 JavaThread "Unconstrained build operations Thread 16" [_thread_blocked, id=9248, stack(0x0000009358400000,0x0000009358500000)]
  0x00000278044a3000 JavaThread "Unconstrained build operations Thread 17" [_thread_blocked, id=872, stack(0x0000009358500000,0x0000009358600000)]
  0x000002780449d000 JavaThread "Unconstrained build operations Thread 18" [_thread_blocked, id=6584, stack(0x0000009358600000,0x0000009358700000)]
  0x00000278044a3800 JavaThread "Unconstrained build operations Thread 19" [_thread_blocked, id=3744, stack(0x0000009358700000,0x0000009358800000)]
  0x00000278044a4800 JavaThread "Unconstrained build operations Thread 20" [_thread_blocked, id=12996, stack(0x0000009358800000,0x0000009358900000)]
  0x000002780449e800 JavaThread "Unconstrained build operations Thread 21" [_thread_blocked, id=7692, stack(0x0000009358900000,0x0000009358a00000)]
  0x00000278044a5000 JavaThread "Unconstrained build operations Thread 22" [_thread_blocked, id=11132, stack(0x0000009358a00000,0x0000009358b00000)]
  0x00000278044a6000 JavaThread "Unconstrained build operations Thread 23" [_thread_blocked, id=2904, stack(0x0000009358b00000,0x0000009358c00000)]
  0x00000278047a6800 JavaThread "Unconstrained build operations Thread 24" [_thread_blocked, id=6256, stack(0x0000009358c00000,0x0000009358d00000)]
  0x00000278047a5000 JavaThread "Unconstrained build operations Thread 25" [_thread_blocked, id=8232, stack(0x0000009358d00000,0x0000009358e00000)]
  0x00000278047a4000 JavaThread "Unconstrained build operations Thread 26" [_thread_blocked, id=11008, stack(0x0000009358e00000,0x0000009358f00000)]
  0x00000278047a7800 JavaThread "Unconstrained build operations Thread 27" [_thread_blocked, id=12048, stack(0x0000009358f00000,0x0000009359000000)]
  0x00000278047a9000 JavaThread "Unconstrained build operations Thread 28" [_thread_blocked, id=10492, stack(0x0000009359000000,0x0000009359100000)]
  0x00000278047a5800 JavaThread "Unconstrained build operations Thread 29" [_thread_blocked, id=3068, stack(0x0000009359100000,0x0000009359200000)]
  0x00000278047a8000 JavaThread "Unconstrained build operations Thread 30" [_thread_blocked, id=13016, stack(0x0000009359200000,0x0000009359300000)]
  0x00000278047a3000 JavaThread "Unconstrained build operations Thread 31" [_thread_blocked, id=10560, stack(0x0000009359300000,0x0000009359400000)]
  0x00000278047ac000 JavaThread "Unconstrained build operations Thread 32" [_thread_blocked, id=3336, stack(0x0000009359400000,0x0000009359500000)]
  0x00000278047aa800 JavaThread "Unconstrained build operations Thread 33" [_thread_blocked, id=6300, stack(0x0000009359500000,0x0000009359600000)]
  0x00000278047ae000 JavaThread "Unconstrained build operations Thread 34" [_thread_blocked, id=11068, stack(0x0000009359600000,0x0000009359700000)]
  0x00000278047af800 JavaThread "Unconstrained build operations Thread 35" [_thread_blocked, id=5304, stack(0x0000009359700000,0x0000009359800000)]
  0x00000278047a9800 JavaThread "Unconstrained build operations Thread 36" [_thread_blocked, id=11196, stack(0x0000009359800000,0x0000009359900000)]
  0x00000278047b1000 JavaThread "Unconstrained build operations Thread 37" [_thread_blocked, id=13304, stack(0x0000009359900000,0x0000009359a00000)]
  0x00000278047b2000 JavaThread "Unconstrained build operations Thread 38" [_thread_blocked, id=10508, stack(0x0000009359a00000,0x0000009359b00000)]
  0x00000278047ad000 JavaThread "Unconstrained build operations Thread 39" [_thread_blocked, id=7676, stack(0x0000009359b00000,0x0000009359c00000)]
  0x0000027802d0c800 JavaThread "Unconstrained build operations Thread 40" [_thread_blocked, id=13796, stack(0x0000009359c00000,0x0000009359d00000)]
  0x0000027802d07000 JavaThread "build event listener" [_thread_blocked, id=924, stack(0x0000009359d00000,0x0000009359e00000)]
  0x0000027802d0d800 JavaThread "Execution worker for ':'" [_thread_blocked, id=7788, stack(0x0000009359e00000,0x0000009359f00000)]
  0x0000027802d08000 JavaThread "Execution worker for ':' Thread 2" [_thread_blocked, id=9964, stack(0x0000009359f00000,0x000000935a000000)]
  0x0000027802d0e800 JavaThread "Execution worker for ':' Thread 3" [_thread_blocked, id=1784, stack(0x000000935a000000,0x000000935a100000)]
  0x0000027802d12800 JavaThread "Cache worker for execution history cache (D:\C plus\Slyder-multipe-resolutions\slyderpro\android\.gradle\7.2\executionHistory)" [_thread_blocked, id=9620, stack(0x000000935a200000,0x000000935a300000)]
  0x0000027802d0f000 JavaThread "WorkerExecutor Queue" [_thread_blocked, id=13384, stack(0x000000935a300000,0x000000935a400000)]
  0x0000027802d11000 JavaThread "WorkerExecutor Queue Thread 2" [_thread_blocked, id=6236, stack(0x000000935a400000,0x000000935a500000)]
  0x0000027802d14000 JavaThread "WorkerExecutor Queue Thread 3" [_thread_blocked, id=4892, stack(0x000000935a800000,0x000000935a900000)]
  0x0000027802d11800 JavaThread "WorkerExecutor Queue Thread 4" [_thread_blocked, id=5584, stack(0x000000935a900000,0x000000935aa00000)]
  0x00000278043f1800 JavaThread "C2 CompilerThread1" daemon [_thread_blocked, id=8524, stack(0x000000935aa00000,0x000000935ab00000)]
  0x0000027802d10000 JavaThread "WorkerExecutor Queue Thread 5" [_thread_blocked, id=8796, stack(0x000000935ab00000,0x000000935ac00000)]

Other Threads:
  0x000002787f99f800 VMThread "VM Thread" [stack: 0x0000009354e00000,0x0000009354f00000] [id=3316]
  0x000002787fcd4000 WatcherThread [stack: 0x0000009355800000,0x0000009355900000] [id=6640]
  0x0000027862b37000 GCTaskThread "GC Thread#0" [stack: 0x0000009354900000,0x0000009354a00000] [id=13684]
  0x0000027800b85000 GCTaskThread "GC Thread#1" [stack: 0x0000009355900000,0x0000009355a00000] [id=8388]
  0x0000027800b85800 GCTaskThread "GC Thread#2" [stack: 0x0000009355a00000,0x0000009355b00000] [id=1148]
  0x0000027800929000 GCTaskThread "GC Thread#3" [stack: 0x0000009355b00000,0x0000009355c00000] [id=13864]
  0x0000027862b49800 ConcurrentGCThread "G1 Main Marker" [stack: 0x0000009354a00000,0x0000009354b00000] [id=8804]
  0x0000027862b4a800 ConcurrentGCThread "G1 Conc#0" [stack: 0x0000009354b00000,0x0000009354c00000] [id=8412]
  0x000002787f83e800 ConcurrentGCThread "G1 Refine#0" [stack: 0x0000009354c00000,0x0000009354d00000] [id=13616]
  0x000002780c40d800 ConcurrentGCThread "G1 Refine#1" [stack: 0x000000935a100000,0x000000935a200000] [id=636]
  0x000002787f83f000 ConcurrentGCThread "G1 Young RemSet Sampling" [stack: 0x0000009354d00000,0x0000009354e00000] [id=5704]

Threads with active compile tasks:
C2 CompilerThread0  1192900 22433       4       org.gradle.api.internal.artifacts.transform.TransformingAsyncArtifactListener$TransformedArtifact::lambda$visit$1 (65 bytes)

VM state:not at safepoint (normal execution)

VM Mutex/Monitor currently owned by a thread: None

Heap address: 0x00000000e0000000, size: 512 MB, Compressed Oops mode: 32-bit
Narrow klass base: 0x0000000000000000, Narrow klass shift: 3
Compressed class space size: 260046848 Address: 0x0000000100000000

Heap:
 garbage-first heap   total 305152K, used 239230K [0x00000000e0000000, 0x0000000100000000)
  region size 1024K, 24 young (24576K), 1 survivors (1024K)
 Metaspace       used 116156K, capacity 121684K, committed 129488K, reserved 366592K
  class space    used 14355K, capacity 16245K, committed 17536K, reserved 253952K
Heap Regions: E=young(eden), S=young(survivor), O=old, HS=humongous(starts), HC=humongous(continues), CS=collection set, F=free, A=archive, TAMS=top-at-mark-start (previous, next)
|   0|0x00000000e0000000, 0x00000000e0100000, 0x00000000e0100000|100%| O|  |TAMS 0x00000000e0100000, 0x00000000e0000000| Untracked 
|   1|0x00000000e0100000, 0x00000000e0200000, 0x00000000e0200000|100%| O|  |TAMS 0x00000000e0200000, 0x00000000e0100000| Untracked 
|   2|0x00000000e0200000, 0x00000000e0300000, 0x00000000e0300000|100%| O|  |TAMS 0x00000000e0300000, 0x00000000e0200000| Untracked 
|   3|0x00000000e0300000, 0x00000000e0400000, 0x00000000e0400000|100%|HS|  |TAMS 0x00000000e0400000, 0x00000000e0300000| Complete 
|   4|0x00000000e0400000, 0x00000000e0500000, 0x00000000e0500000|100%|HC|  |TAMS 0x00000000e0500000, 0x00000000e0400000| Complete 
|   5|0x00000000e0500000, 0x00000000e0600000, 0x00000000e0600000|100%|HC|  |TAMS 0x00000000e0600000, 0x00000000e0500000| Complete 
|   6|0x00000000e0600000, 0x00000000e0700000, 0x00000000e0700000|100%| O|  |TAMS 0x00000000e0700000, 0x00000000e0600000| Untracked 
|   7|0x00000000e0700000, 0x00000000e0800000, 0x00000000e0800000|100%| O|  |TAMS 0x00000000e0800000, 0x00000000e0700000| Untracked 
|   8|0x00000000e0800000, 0x00000000e0900000, 0x00000000e0900000|100%| O|  |TAMS 0x00000000e0900000, 0x00000000e0800000| Untracked 
|   9|0x00000000e0900000, 0x00000000e0a00000, 0x00000000e0a00000|100%| O|  |TAMS 0x00000000e0a00000, 0x00000000e0900000| Untracked 
|  10|0x00000000e0a00000, 0x00000000e0b00000, 0x00000000e0b00000|100%| O|  |TAMS 0x00000000e0b00000, 0x00000000e0a00000| Untracked 
|  11|0x00000000e0b00000, 0x00000000e0c00000, 0x00000000e0c00000|100%| O|  |TAMS 0x00000000e0c00000, 0x00000000e0b00000| Untracked 
|  12|0x00000000e0c00000, 0x00000000e0d00000, 0x00000000e0d00000|100%| O|  |TAMS 0x00000000e0d00000, 0x00000000e0c00000| Untracked 
|  13|0x00000000e0d00000, 0x00000000e0e00000, 0x00000000e0e00000|100%| O|  |TAMS 0x00000000e0e00000, 0x00000000e0d00000| Untracked 
|  14|0x00000000e0e00000, 0x00000000e0f00000, 0x00000000e0f00000|100%|HS|  |TAMS 0x00000000e0f00000, 0x00000000e0e00000| Complete 
|  15|0x00000000e0f00000, 0x00000000e1000000, 0x00000000e1000000|100%|HS|  |TAMS 0x00000000e1000000, 0x00000000e0f00000| Complete 
|  16|0x00000000e1000000, 0x00000000e1100000, 0x00000000e1100000|100%|HC|  |TAMS 0x00000000e1100000, 0x00000000e1000000| Complete 
|  17|0x00000000e1100000, 0x00000000e1200000, 0x00000000e1200000|100%| O|  |TAMS 0x00000000e1200000, 0x00000000e1100000| Untracked 
|  18|0x00000000e1200000, 0x00000000e1300000, 0x00000000e1300000|100%| O|  |TAMS 0x00000000e1300000, 0x00000000e1200000| Untracked 
|  19|0x00000000e1300000, 0x00000000e1400000, 0x00000000e1400000|100%| O|  |TAMS 0x00000000e1400000, 0x00000000e1300000| Untracked 
|  20|0x00000000e1400000, 0x00000000e1500000, 0x00000000e1500000|100%| O|  |TAMS 0x00000000e1500000, 0x00000000e1400000| Untracked 
|  21|0x00000000e1500000, 0x00000000e1600000, 0x00000000e1600000|100%| O|  |TAMS 0x00000000e1600000, 0x00000000e1500000| Untracked 
|  22|0x00000000e1600000, 0x00000000e1700000, 0x00000000e1700000|100%| O|  |TAMS 0x00000000e1700000, 0x00000000e1600000| Untracked 
|  23|0x00000000e1700000, 0x00000000e1800000, 0x00000000e1800000|100%| O|  |TAMS 0x00000000e1800000, 0x00000000e1700000| Untracked 
|  24|0x00000000e1800000, 0x00000000e1900000, 0x00000000e1900000|100%| O|  |TAMS 0x00000000e1900000, 0x00000000e1800000| Untracked 
|  25|0x00000000e1900000, 0x00000000e1a00000, 0x00000000e1a00000|100%| O|  |TAMS 0x00000000e1a00000, 0x00000000e1900000| Untracked 
|  26|0x00000000e1a00000, 0x00000000e1b00000, 0x00000000e1b00000|100%| O|  |TAMS 0x00000000e1b00000, 0x00000000e1a00000| Untracked 
|  27|0x00000000e1b00000, 0x00000000e1c00000, 0x00000000e1c00000|100%| O|  |TAMS 0x00000000e1c00000, 0x00000000e1b00000| Untracked 
|  28|0x00000000e1c00000, 0x00000000e1d00000, 0x00000000e1d00000|100%| O|  |TAMS 0x00000000e1d00000, 0x00000000e1c00000| Untracked 
|  29|0x00000000e1d00000, 0x00000000e1e00000, 0x00000000e1e00000|100%| O|  |TAMS 0x00000000e1e00000, 0x00000000e1d00000| Untracked 
|  30|0x00000000e1e00000, 0x00000000e1f00000, 0x00000000e1f00000|100%| O|  |TAMS 0x00000000e1f00000, 0x00000000e1e00000| Untracked 
|  31|0x00000000e1f00000, 0x00000000e2000000, 0x00000000e2000000|100%| O|  |TAMS 0x00000000e2000000, 0x00000000e1f00000| Untracked 
|  32|0x00000000e2000000, 0x00000000e2100000, 0x00000000e2100000|100%| O|  |TAMS 0x00000000e2100000, 0x00000000e2000000| Untracked 
|  33|0x00000000e2100000, 0x00000000e2200000, 0x00000000e2200000|100%| O|  |TAMS 0x00000000e2200000, 0x00000000e2100000| Untracked 
|  34|0x00000000e2200000, 0x00000000e2300000, 0x00000000e2300000|100%| O|  |TAMS 0x00000000e2300000, 0x00000000e2200000| Untracked 
|  35|0x00000000e2300000, 0x00000000e2400000, 0x00000000e2400000|100%| O|  |TAMS 0x00000000e2400000, 0x00000000e2300000| Untracked 
|  36|0x00000000e2400000, 0x00000000e2500000, 0x00000000e2500000|100%| O|  |TAMS 0x00000000e2500000, 0x00000000e2400000| Untracked 
|  37|0x00000000e2500000, 0x00000000e2600000, 0x00000000e2600000|100%| O|  |TAMS 0x00000000e2600000, 0x00000000e2500000| Untracked 
|  38|0x00000000e2600000, 0x00000000e2700000, 0x00000000e2700000|100%| O|  |TAMS 0x00000000e2700000, 0x00000000e2600000| Untracked 
|  39|0x00000000e2700000, 0x00000000e2800000, 0x00000000e2800000|100%| O|  |TAMS 0x00000000e2800000, 0x00000000e2700000| Untracked 
|  40|0x00000000e2800000, 0x00000000e2900000, 0x00000000e2900000|100%| O|  |TAMS 0x00000000e2900000, 0x00000000e2800000| Untracked 
|  41|0x00000000e2900000, 0x00000000e2a00000, 0x00000000e2a00000|100%| O|  |TAMS 0x00000000e2a00000, 0x00000000e2900000| Untracked 
|  42|0x00000000e2a00000, 0x00000000e2b00000, 0x00000000e2b00000|100%| O|  |TAMS 0x00000000e2b00000, 0x00000000e2a00000| Untracked 
|  43|0x00000000e2b00000, 0x00000000e2c00000, 0x00000000e2c00000|100%| O|  |TAMS 0x00000000e2c00000, 0x00000000e2b00000| Untracked 
|  44|0x00000000e2c00000, 0x00000000e2d00000, 0x00000000e2d00000|100%|HS|  |TAMS 0x00000000e2d00000, 0x00000000e2c00000| Complete 
|  45|0x00000000e2d00000, 0x00000000e2e00000, 0x00000000e2e00000|100%|HC|  |TAMS 0x00000000e2e00000, 0x00000000e2d00000| Complete 
|  46|0x00000000e2e00000, 0x00000000e2f00000, 0x00000000e2f00000|100%|HS|  |TAMS 0x00000000e2f00000, 0x00000000e2e00000| Complete 
|  47|0x00000000e2f00000, 0x00000000e3000000, 0x00000000e3000000|100%|HS|  |TAMS 0x00000000e3000000, 0x00000000e2f00000| Complete 
|  48|0x00000000e3000000, 0x00000000e3100000, 0x00000000e3100000|100%|HC|  |TAMS 0x00000000e3100000, 0x00000000e3000000| Complete 
|  49|0x00000000e3100000, 0x00000000e3200000, 0x00000000e3200000|100%|HC|  |TAMS 0x00000000e3200000, 0x00000000e3100000| Complete 
|  50|0x00000000e3200000, 0x00000000e3300000, 0x00000000e3300000|100%| O|  |TAMS 0x00000000e3300000, 0x00000000e3200000| Untracked 
|  51|0x00000000e3300000, 0x00000000e3400000, 0x00000000e3400000|100%| O|  |TAMS 0x00000000e3400000, 0x00000000e3300000| Untracked 
|  52|0x00000000e3400000, 0x00000000e3500000, 0x00000000e3500000|100%| O|  |TAMS 0x00000000e3500000, 0x00000000e3400000| Untracked 
|  53|0x00000000e3500000, 0x00000000e3600000, 0x00000000e3600000|100%| O|  |TAMS 0x00000000e3600000, 0x00000000e3500000| Untracked 
|  54|0x00000000e3600000, 0x00000000e3700000, 0x00000000e3700000|100%| O|  |TAMS 0x00000000e3700000, 0x00000000e3600000| Untracked 
|  55|0x00000000e3700000, 0x00000000e3800000, 0x00000000e3800000|100%| O|  |TAMS 0x00000000e3800000, 0x00000000e3700000| Untracked 
|  56|0x00000000e3800000, 0x00000000e3900000, 0x00000000e3900000|100%| O|  |TAMS 0x00000000e3900000, 0x00000000e3800000| Untracked 
|  57|0x00000000e3900000, 0x00000000e3900000, 0x00000000e3a00000|  0%| F|  |TAMS 0x00000000e3900000, 0x00000000e3900000| Untracked 
|  58|0x00000000e3a00000, 0x00000000e3b00000, 0x00000000e3b00000|100%| O|  |TAMS 0x00000000e3b00000, 0x00000000e3a00000| Untracked 
|  59|0x00000000e3b00000, 0x00000000e3b00000, 0x00000000e3c00000|  0%| F|  |TAMS 0x00000000e3b00000, 0x00000000e3b00000| Untracked 
|  60|0x00000000e3c00000, 0x00000000e3d00000, 0x00000000e3d00000|100%| O|  |TAMS 0x00000000e3d00000, 0x00000000e3c00000| Untracked 
|  61|0x00000000e3d00000, 0x00000000e3e00000, 0x00000000e3e00000|100%| O|  |TAMS 0x00000000e3e00000, 0x00000000e3d00000| Untracked 
|  62|0x00000000e3e00000, 0x00000000e3f00000, 0x00000000e3f00000|100%| O|  |TAMS 0x00000000e3f00000, 0x00000000e3e00000| Untracked 
|  63|0x00000000e3f00000, 0x00000000e4000000, 0x00000000e4000000|100%| O|  |TAMS 0x00000000e4000000, 0x00000000e3f00000| Untracked 
|  64|0x00000000e4000000, 0x00000000e4100000, 0x00000000e4100000|100%|HS|  |TAMS 0x00000000e4100000, 0x00000000e4000000| Complete 
|  65|0x00000000e4100000, 0x00000000e4200000, 0x00000000e4200000|100%|HS|  |TAMS 0x00000000e4200000, 0x00000000e4100000| Complete 
|  66|0x00000000e4200000, 0x00000000e4300000, 0x00000000e4300000|100%|HS|  |TAMS 0x00000000e4300000, 0x00000000e4200000| Complete 
|  67|0x00000000e4300000, 0x00000000e4400000, 0x00000000e4400000|100%|HS|  |TAMS 0x00000000e4400000, 0x00000000e4300000| Complete 
|  68|0x00000000e4400000, 0x00000000e4500000, 0x00000000e4500000|100%|HC|  |TAMS 0x00000000e4500000, 0x00000000e4400000| Complete 
|  69|0x00000000e4500000, 0x00000000e4600000, 0x00000000e4600000|100%|HC|  |TAMS 0x00000000e4600000, 0x00000000e4500000| Complete 
|  70|0x00000000e4600000, 0x00000000e4700000, 0x00000000e4700000|100%|HS|  |TAMS 0x00000000e4700000, 0x00000000e4600000| Complete 
|  71|0x00000000e4700000, 0x00000000e4800000, 0x00000000e4800000|100%|HC|  |TAMS 0x00000000e4800000, 0x00000000e4700000| Complete 
|  72|0x00000000e4800000, 0x00000000e4900000, 0x00000000e4900000|100%| O|  |TAMS 0x00000000e4900000, 0x00000000e4800000| Untracked 
|  73|0x00000000e4900000, 0x00000000e4a00000, 0x00000000e4a00000|100%| O|  |TAMS 0x00000000e4a00000, 0x00000000e4900000| Untracked 
|  74|0x00000000e4a00000, 0x00000000e4b00000, 0x00000000e4b00000|100%| O|  |TAMS 0x00000000e4b00000, 0x00000000e4a00000| Untracked 
|  75|0x00000000e4b00000, 0x00000000e4c00000, 0x00000000e4c00000|100%| O|  |TAMS 0x00000000e4c00000, 0x00000000e4b00000| Untracked 
|  76|0x00000000e4c00000, 0x00000000e4d00000, 0x00000000e4d00000|100%| O|  |TAMS 0x00000000e4d00000, 0x00000000e4c00000| Untracked 
|  77|0x00000000e4d00000, 0x00000000e4e00000, 0x00000000e4e00000|100%| O|  |TAMS 0x00000000e4e00000, 0x00000000e4d00000| Untracked 
|  78|0x00000000e4e00000, 0x00000000e4f00000, 0x00000000e4f00000|100%| O|  |TAMS 0x00000000e4f00000, 0x00000000e4e00000| Untracked 
|  79|0x00000000e4f00000, 0x00000000e5000000, 0x00000000e5000000|100%| O|  |TAMS 0x00000000e5000000, 0x00000000e4f00000| Untracked 
|  80|0x00000000e5000000, 0x00000000e5100000, 0x00000000e5100000|100%| O|  |TAMS 0x00000000e5100000, 0x00000000e5000000| Untracked 
|  81|0x00000000e5100000, 0x00000000e5200000, 0x00000000e5200000|100%| O|  |TAMS 0x00000000e5200000, 0x00000000e5100000| Untracked 
|  82|0x00000000e5200000, 0x00000000e5300000, 0x00000000e5300000|100%| O|  |TAMS 0x00000000e5300000, 0x00000000e5200000| Untracked 
|  83|0x00000000e5300000, 0x00000000e5400000, 0x00000000e5400000|100%| O|  |TAMS 0x00000000e5400000, 0x00000000e5300000| Untracked 
|  84|0x00000000e5400000, 0x00000000e5500000, 0x00000000e5500000|100%| O|  |TAMS 0x00000000e5500000, 0x00000000e5400000| Untracked 
|  85|0x00000000e5500000, 0x00000000e5600000, 0x00000000e5600000|100%| O|  |TAMS 0x00000000e5600000, 0x00000000e5500000| Untracked 
|  86|0x00000000e5600000, 0x00000000e5700000, 0x00000000e5700000|100%| O|  |TAMS 0x00000000e5700000, 0x00000000e5600000| Untracked 
|  87|0x00000000e5700000, 0x00000000e5800000, 0x00000000e5800000|100%| O|  |TAMS 0x00000000e5800000, 0x00000000e5700000| Untracked 
|  88|0x00000000e5800000, 0x00000000e5900000, 0x00000000e5900000|100%| O|  |TAMS 0x00000000e5900000, 0x00000000e5800000| Untracked 
|  89|0x00000000e5900000, 0x00000000e5a00000, 0x00000000e5a00000|100%| O|  |TAMS 0x00000000e5a00000, 0x00000000e5900000| Untracked 
|  90|0x00000000e5a00000, 0x00000000e5b00000, 0x00000000e5b00000|100%| O|  |TAMS 0x00000000e5b00000, 0x00000000e5a00000| Untracked 
|  91|0x00000000e5b00000, 0x00000000e5c00000, 0x00000000e5c00000|100%|HS|  |TAMS 0x00000000e5c00000, 0x00000000e5b00000| Complete 
|  92|0x00000000e5c00000, 0x00000000e5d00000, 0x00000000e5d00000|100%|HS|  |TAMS 0x00000000e5d00000, 0x00000000e5c00000| Complete 
|  93|0x00000000e5d00000, 0x00000000e5e00000, 0x00000000e5e00000|100%|HC|  |TAMS 0x00000000e5e00000, 0x00000000e5d00000| Complete 
|  94|0x00000000e5e00000, 0x00000000e5f00000, 0x00000000e5f00000|100%|HC|  |TAMS 0x00000000e5f00000, 0x00000000e5e00000| Complete 
|  95|0x00000000e5f00000, 0x00000000e5f00000, 0x00000000e6000000|  0%| F|  |TAMS 0x00000000e5f00000, 0x00000000e5f00000| Untracked 
|  96|0x00000000e6000000, 0x00000000e6100000, 0x00000000e6100000|100%| O|  |TAMS 0x00000000e6100000, 0x00000000e6000000| Untracked 
|  97|0x00000000e6100000, 0x00000000e6200000, 0x00000000e6200000|100%| O|  |TAMS 0x00000000e6200000, 0x00000000e6100000| Untracked 
|  98|0x00000000e6200000, 0x00000000e6300000, 0x00000000e6300000|100%| O|  |TAMS 0x00000000e6300000, 0x00000000e6200000| Untracked 
|  99|0x00000000e6300000, 0x00000000e6400000, 0x00000000e6400000|100%| O|  |TAMS 0x00000000e6400000, 0x00000000e6300000| Untracked 
| 100|0x00000000e6400000, 0x00000000e6500000, 0x00000000e6500000|100%| O|  |TAMS 0x00000000e6500000, 0x00000000e6400000| Untracked 
| 101|0x00000000e6500000, 0x00000000e6600000, 0x00000000e6600000|100%| O|  |TAMS 0x00000000e6600000, 0x00000000e6500000| Untracked 
| 102|0x00000000e6600000, 0x00000000e6700000, 0x00000000e6700000|100%| O|  |TAMS 0x00000000e6700000, 0x00000000e6600000| Untracked 
| 103|0x00000000e6700000, 0x00000000e6800000, 0x00000000e6800000|100%| O|  |TAMS 0x00000000e6800000, 0x00000000e6700000| Untracked 
| 104|0x00000000e6800000, 0x00000000e6900000, 0x00000000e6900000|100%| O|  |TAMS 0x00000000e6900000, 0x00000000e6800000| Untracked 
| 105|0x00000000e6900000, 0x00000000e6a00000, 0x00000000e6a00000|100%| O|  |TAMS 0x00000000e6a00000, 0x00000000e6900000| Untracked 
| 106|0x00000000e6a00000, 0x00000000e6b00000, 0x00000000e6b00000|100%| O|  |TAMS 0x00000000e6b00000, 0x00000000e6a00000| Untracked 
| 107|0x00000000e6b00000, 0x00000000e6c00000, 0x00000000e6c00000|100%| O|  |TAMS 0x00000000e6c00000, 0x00000000e6b00000| Untracked 
| 108|0x00000000e6c00000, 0x00000000e6d00000, 0x00000000e6d00000|100%| O|  |TAMS 0x00000000e6d00000, 0x00000000e6c00000| Untracked 
| 109|0x00000000e6d00000, 0x00000000e6e00000, 0x00000000e6e00000|100%| O|  |TAMS 0x00000000e6e00000, 0x00000000e6d00000| Untracked 
| 110|0x00000000e6e00000, 0x00000000e6f00000, 0x00000000e6f00000|100%| O|  |TAMS 0x00000000e6f00000, 0x00000000e6e00000| Untracked 
| 111|0x00000000e6f00000, 0x00000000e7000000, 0x00000000e7000000|100%| O|  |TAMS 0x00000000e7000000, 0x00000000e6f00000| Untracked 
| 112|0x00000000e7000000, 0x00000000e7100000, 0x00000000e7100000|100%|HS|  |TAMS 0x00000000e7100000, 0x00000000e7000000| Complete 
| 113|0x00000000e7100000, 0x00000000e7200000, 0x00000000e7200000|100%|HC|  |TAMS 0x00000000e7200000, 0x00000000e7100000| Complete 
| 114|0x00000000e7200000, 0x00000000e7300000, 0x00000000e7300000|100%|HC|  |TAMS 0x00000000e7300000, 0x00000000e7200000| Complete 
| 115|0x00000000e7300000, 0x00000000e7400000, 0x00000000e7400000|100%| O|  |TAMS 0x00000000e7400000, 0x00000000e7300000| Untracked 
| 116|0x00000000e7400000, 0x00000000e7400000, 0x00000000e7500000|  0%| F|  |TAMS 0x00000000e7400000, 0x00000000e7400000| Untracked 
| 117|0x00000000e7500000, 0x00000000e7600000, 0x00000000e7600000|100%| O|  |TAMS 0x00000000e7600000, 0x00000000e7500000| Untracked 
| 118|0x00000000e7600000, 0x00000000e7700000, 0x00000000e7700000|100%| O|  |TAMS 0x00000000e7700000, 0x00000000e7600000| Untracked 
| 119|0x00000000e7700000, 0x00000000e7700000, 0x00000000e7800000|  0%| F|  |TAMS 0x00000000e7700000, 0x00000000e7700000| Untracked 
| 120|0x00000000e7800000, 0x00000000e7900000, 0x00000000e7900000|100%| O|  |TAMS 0x00000000e7900000, 0x00000000e7800000| Untracked 
| 121|0x00000000e7900000, 0x00000000e7a00000, 0x00000000e7a00000|100%| O|  |TAMS 0x00000000e7a00000, 0x00000000e7900000| Untracked 
| 122|0x00000000e7a00000, 0x00000000e7b00000, 0x00000000e7b00000|100%| O|  |TAMS 0x00000000e7b00000, 0x00000000e7a00000| Untracked 
| 123|0x00000000e7b00000, 0x00000000e7c00000, 0x00000000e7c00000|100%| O|  |TAMS 0x00000000e7c00000, 0x00000000e7b00000| Untracked 
| 124|0x00000000e7c00000, 0x00000000e7d00000, 0x00000000e7d00000|100%| O|  |TAMS 0x00000000e7d00000, 0x00000000e7c00000| Untracked 
| 125|0x00000000e7d00000, 0x00000000e7e00000, 0x00000000e7e00000|100%| O|  |TAMS 0x00000000e7e00000, 0x00000000e7d00000| Untracked 
| 126|0x00000000e7e00000, 0x00000000e7f00000, 0x00000000e7f00000|100%| O|  |TAMS 0x00000000e7f00000, 0x00000000e7e00000| Untracked 
| 127|0x00000000e7f00000, 0x00000000e8000000, 0x00000000e8000000|100%| O|  |TAMS 0x00000000e8000000, 0x00000000e7f00000| Untracked 
| 128|0x00000000e8000000, 0x00000000e8100000, 0x00000000e8100000|100%| O|  |TAMS 0x00000000e8100000, 0x00000000e8000000| Untracked 
| 129|0x00000000e8100000, 0x00000000e8200000, 0x00000000e8200000|100%| O|  |TAMS 0x00000000e8200000, 0x00000000e8100000| Untracked 
| 130|0x00000000e8200000, 0x00000000e8300000, 0x00000000e8300000|100%| O|  |TAMS 0x00000000e8300000, 0x00000000e8200000| Untracked 
| 131|0x00000000e8300000, 0x00000000e8400000, 0x00000000e8400000|100%| O|  |TAMS 0x00000000e8400000, 0x00000000e8300000| Untracked 
| 132|0x00000000e8400000, 0x00000000e8500000, 0x00000000e8500000|100%| O|  |TAMS 0x00000000e8500000, 0x00000000e8400000| Untracked 
| 133|0x00000000e8500000, 0x00000000e8600000, 0x00000000e8600000|100%| O|  |TAMS 0x00000000e8600000, 0x00000000e8500000| Untracked 
| 134|0x00000000e8600000, 0x00000000e8700000, 0x00000000e8700000|100%| O|  |TAMS 0x00000000e8700000, 0x00000000e8600000| Untracked 
| 135|0x00000000e8700000, 0x00000000e8800000, 0x00000000e8800000|100%| O|  |TAMS 0x00000000e8800000, 0x00000000e8700000| Untracked 
| 136|0x00000000e8800000, 0x00000000e8900000, 0x00000000e8900000|100%| O|  |TAMS 0x00000000e8900000, 0x00000000e8800000| Untracked 
| 137|0x00000000e8900000, 0x00000000e8a00000, 0x00000000e8a00000|100%| O|  |TAMS 0x00000000e8a00000, 0x00000000e8900000| Untracked 
| 138|0x00000000e8a00000, 0x00000000e8b00000, 0x00000000e8b00000|100%| O|  |TAMS 0x00000000e8b00000, 0x00000000e8a00000| Untracked 
| 139|0x00000000e8b00000, 0x00000000e8c00000, 0x00000000e8c00000|100%| O|  |TAMS 0x00000000e8c00000, 0x00000000e8b00000| Untracked 
| 140|0x00000000e8c00000, 0x00000000e8d00000, 0x00000000e8d00000|100%| O|  |TAMS 0x00000000e8d00000, 0x00000000e8c00000| Untracked 
| 141|0x00000000e8d00000, 0x00000000e8e00000, 0x00000000e8e00000|100%| O|  |TAMS 0x00000000e8e00000, 0x00000000e8d00000| Untracked 
| 142|0x00000000e8e00000, 0x00000000e8f00000, 0x00000000e8f00000|100%| O|  |TAMS 0x00000000e8f00000, 0x00000000e8e00000| Untracked 
| 143|0x00000000e8f00000, 0x00000000e9000000, 0x00000000e9000000|100%| O|  |TAMS 0x00000000e9000000, 0x00000000e8f00000| Untracked 
| 144|0x00000000e9000000, 0x00000000e9100000, 0x00000000e9100000|100%| O|  |TAMS 0x00000000e9100000, 0x00000000e9000000| Untracked 
| 145|0x00000000e9100000, 0x00000000e9200000, 0x00000000e9200000|100%| O|  |TAMS 0x00000000e9200000, 0x00000000e9100000| Untracked 
| 146|0x00000000e9200000, 0x00000000e9300000, 0x00000000e9300000|100%| O|  |TAMS 0x00000000e9300000, 0x00000000e9200000| Untracked 
| 147|0x00000000e9300000, 0x00000000e9400000, 0x00000000e9400000|100%| O|  |TAMS 0x00000000e9400000, 0x00000000e9300000| Untracked 
| 148|0x00000000e9400000, 0x00000000e9500000, 0x00000000e9500000|100%| O|  |TAMS 0x00000000e9500000, 0x00000000e9400000| Untracked 
| 149|0x00000000e9500000, 0x00000000e9500000, 0x00000000e9600000|  0%| F|  |TAMS 0x00000000e9500000, 0x00000000e9500000| Untracked 
| 150|0x00000000e9600000, 0x00000000e9700000, 0x00000000e9700000|100%| O|  |TAMS 0x00000000e9700000, 0x00000000e9600000| Untracked 
| 151|0x00000000e9700000, 0x00000000e9800000, 0x00000000e9800000|100%| O|  |TAMS 0x00000000e9800000, 0x00000000e9700000| Untracked 
| 152|0x00000000e9800000, 0x00000000e9900000, 0x00000000e9900000|100%| O|  |TAMS 0x00000000e9900000, 0x00000000e9800000| Untracked 
| 153|0x00000000e9900000, 0x00000000e9a00000, 0x00000000e9a00000|100%| O|  |TAMS 0x00000000e9a00000, 0x00000000e9900000| Untracked 
| 154|0x00000000e9a00000, 0x00000000e9b00000, 0x00000000e9b00000|100%| O|  |TAMS 0x00000000e9b00000, 0x00000000e9a00000| Untracked 
| 155|0x00000000e9b00000, 0x00000000e9c00000, 0x00000000e9c00000|100%| O|  |TAMS 0x00000000e9c00000, 0x00000000e9b00000| Untracked 
| 156|0x00000000e9c00000, 0x00000000e9d00000, 0x00000000e9d00000|100%| O|  |TAMS 0x00000000e9d00000, 0x00000000e9c00000| Untracked 
| 157|0x00000000e9d00000, 0x00000000e9e00000, 0x00000000e9e00000|100%| O|  |TAMS 0x00000000e9e00000, 0x00000000e9d00000| Untracked 
| 158|0x00000000e9e00000, 0x00000000e9f00000, 0x00000000e9f00000|100%| O|  |TAMS 0x00000000e9f00000, 0x00000000e9e00000| Untracked 
| 159|0x00000000e9f00000, 0x00000000ea000000, 0x00000000ea000000|100%| O|  |TAMS 0x00000000ea000000, 0x00000000e9f00000| Untracked 
| 160|0x00000000ea000000, 0x00000000ea100000, 0x00000000ea100000|100%| O|  |TAMS 0x00000000ea100000, 0x00000000ea000000| Untracked 
| 161|0x00000000ea100000, 0x00000000ea200000, 0x00000000ea200000|100%| O|  |TAMS 0x00000000ea200000, 0x00000000ea100000| Untracked 
| 162|0x00000000ea200000, 0x00000000ea300000, 0x00000000ea300000|100%| O|  |TAMS 0x00000000ea300000, 0x00000000ea200000| Untracked 
| 163|0x00000000ea300000, 0x00000000ea400000, 0x00000000ea400000|100%| O|  |TAMS 0x00000000ea400000, 0x00000000ea300000| Untracked 
| 164|0x00000000ea400000, 0x00000000ea500000, 0x00000000ea500000|100%| O|  |TAMS 0x00000000ea400000, 0x00000000ea400000| Untracked 
| 165|0x00000000ea500000, 0x00000000ea600000, 0x00000000ea600000|100%| O|  |TAMS 0x00000000ea600000, 0x00000000ea500000| Untracked 
| 166|0x00000000ea600000, 0x00000000ea700000, 0x00000000ea700000|100%| O|  |TAMS 0x00000000ea700000, 0x00000000ea600000| Untracked 
| 167|0x00000000ea700000, 0x00000000ea800000, 0x00000000ea800000|100%| O|  |TAMS 0x00000000ea800000, 0x00000000ea700000| Untracked 
| 168|0x00000000ea800000, 0x00000000ea900000, 0x00000000ea900000|100%| O|  |TAMS 0x00000000ea900000, 0x00000000ea800000| Untracked 
| 169|0x00000000ea900000, 0x00000000ea900000, 0x00000000eaa00000|  0%| F|  |TAMS 0x00000000ea900000, 0x00000000ea900000| Untracked 
| 170|0x00000000eaa00000, 0x00000000eaa00000, 0x00000000eab00000|  0%| F|  |TAMS 0x00000000eaa00000, 0x00000000eaa00000| Untracked 
| 171|0x00000000eab00000, 0x00000000eab00000, 0x00000000eac00000|  0%| F|  |TAMS 0x00000000eab00000, 0x00000000eab00000| Untracked 
| 172|0x00000000eac00000, 0x00000000ead00000, 0x00000000ead00000|100%| O|  |TAMS 0x00000000eac00000, 0x00000000eac00000| Untracked 
| 173|0x00000000ead00000, 0x00000000eae00000, 0x00000000eae00000|100%| O|  |TAMS 0x00000000ead00000, 0x00000000ead00000| Untracked 
| 174|0x00000000eae00000, 0x00000000eaf00000, 0x00000000eaf00000|100%| O|  |TAMS 0x00000000eae00000, 0x00000000eae00000| Untracked 
| 175|0x00000000eaf00000, 0x00000000eb000000, 0x00000000eb000000|100%| O|  |TAMS 0x00000000eaf00000, 0x00000000eaf00000| Untracked 
| 176|0x00000000eb000000, 0x00000000eb100000, 0x00000000eb100000|100%| O|  |TAMS 0x00000000eb000000, 0x00000000eb000000| Untracked 
| 177|0x00000000eb100000, 0x00000000eb200000, 0x00000000eb200000|100%| O|  |TAMS 0x00000000eb100000, 0x00000000eb100000| Untracked 
| 178|0x00000000eb200000, 0x00000000eb300000, 0x00000000eb300000|100%| O|  |TAMS 0x00000000eb200000, 0x00000000eb200000| Untracked 
| 179|0x00000000eb300000, 0x00000000eb400000, 0x00000000eb400000|100%| O|  |TAMS 0x00000000eb300000, 0x00000000eb300000| Untracked 
| 180|0x00000000eb400000, 0x00000000eb500000, 0x00000000eb500000|100%| O|  |TAMS 0x00000000eb500000, 0x00000000eb400000| Untracked 
| 181|0x00000000eb500000, 0x00000000eb600000, 0x00000000eb600000|100%| O|  |TAMS 0x00000000eb500000, 0x00000000eb500000| Untracked 
| 182|0x00000000eb600000, 0x00000000eb700000, 0x00000000eb700000|100%| O|  |TAMS 0x00000000eb600000, 0x00000000eb600000| Untracked 
| 183|0x00000000eb700000, 0x00000000eb800000, 0x00000000eb800000|100%| O|  |TAMS 0x00000000eb800000, 0x00000000eb700000| Untracked 
| 184|0x00000000eb800000, 0x00000000eb900000, 0x00000000eb900000|100%| O|  |TAMS 0x00000000eb800000, 0x00000000eb800000| Untracked 
| 185|0x00000000eb900000, 0x00000000eba00000, 0x00000000eba00000|100%| O|  |TAMS 0x00000000eb900000, 0x00000000eb900000| Untracked 
| 186|0x00000000eba00000, 0x00000000ebb00000, 0x00000000ebb00000|100%| O|  |TAMS 0x00000000eba00000, 0x00000000eba00000| Untracked 
| 187|0x00000000ebb00000, 0x00000000ebc00000, 0x00000000ebc00000|100%| O|  |TAMS 0x00000000ebc00000, 0x00000000ebb00000| Untracked 
| 188|0x00000000ebc00000, 0x00000000ebd00000, 0x00000000ebd00000|100%| O|  |TAMS 0x00000000ebd00000, 0x00000000ebc00000| Untracked 
| 189|0x00000000ebd00000, 0x00000000ebe00000, 0x00000000ebe00000|100%| O|  |TAMS 0x00000000ebe00000, 0x00000000ebd00000| Untracked 
| 190|0x00000000ebe00000, 0x00000000ebf00000, 0x00000000ebf00000|100%| O|  |TAMS 0x00000000ebe00000, 0x00000000ebe00000| Untracked 
| 191|0x00000000ebf00000, 0x00000000ec000000, 0x00000000ec000000|100%| O|  |TAMS 0x00000000ec000000, 0x00000000ebf00000| Untracked 
| 192|0x00000000ec000000, 0x00000000ec100000, 0x00000000ec100000|100%| O|  |TAMS 0x00000000ec100000, 0x00000000ec000000| Untracked 
| 193|0x00000000ec100000, 0x00000000ec1da600, 0x00000000ec200000| 85%| O|  |TAMS 0x00000000ec100000, 0x00000000ec100000| Untracked 
| 194|0x00000000ec200000, 0x00000000ec300000, 0x00000000ec300000|100%| O|  |TAMS 0x00000000ec300000, 0x00000000ec200000| Untracked 
| 195|0x00000000ec300000, 0x00000000ec400000, 0x00000000ec400000|100%| O|  |TAMS 0x00000000ec400000, 0x00000000ec300000| Untracked 
| 196|0x00000000ec400000, 0x00000000ec400000, 0x00000000ec500000|  0%| F|  |TAMS 0x00000000ec400000, 0x00000000ec400000| Untracked 
| 197|0x00000000ec500000, 0x00000000ec500000, 0x00000000ec600000|  0%| F|  |TAMS 0x00000000ec500000, 0x00000000ec500000| Untracked 
| 198|0x00000000ec600000, 0x00000000ec600000, 0x00000000ec700000|  0%| F|  |TAMS 0x00000000ec600000, 0x00000000ec600000| Untracked 
| 199|0x00000000ec700000, 0x00000000ec700000, 0x00000000ec800000|  0%| F|  |TAMS 0x00000000ec700000, 0x00000000ec700000| Untracked 
| 200|0x00000000ec800000, 0x00000000ec800000, 0x00000000ec900000|  0%| F|  |TAMS 0x00000000ec800000, 0x00000000ec800000| Untracked 
| 201|0x00000000ec900000, 0x00000000ec900000, 0x00000000eca00000|  0%| F|  |TAMS 0x00000000ec900000, 0x00000000ec900000| Untracked 
| 202|0x00000000eca00000, 0x00000000ecb00000, 0x00000000ecb00000|100%| O|  |TAMS 0x00000000ecb00000, 0x00000000eca00000| Untracked 
| 203|0x00000000ecb00000, 0x00000000ecc00000, 0x00000000ecc00000|100%| O|  |TAMS 0x00000000ecc00000, 0x00000000ecb00000| Untracked 
| 204|0x00000000ecc00000, 0x00000000ecc00000, 0x00000000ecd00000|  0%| F|  |TAMS 0x00000000ecc00000, 0x00000000ecc00000| Untracked 
| 205|0x00000000ecd00000, 0x00000000ece00000, 0x00000000ece00000|100%| O|  |TAMS 0x00000000ece00000, 0x00000000ecd00000| Untracked 
| 206|0x00000000ece00000, 0x00000000ecf00000, 0x00000000ecf00000|100%| O|  |TAMS 0x00000000ecf00000, 0x00000000ece00000| Untracked 
| 207|0x00000000ecf00000, 0x00000000ecf00000, 0x00000000ed000000|  0%| F|  |TAMS 0x00000000ecf00000, 0x00000000ecf00000| Untracked 
| 208|0x00000000ed000000, 0x00000000ed100000, 0x00000000ed100000|100%| O|  |TAMS 0x00000000ed100000, 0x00000000ed000000| Untracked 
| 209|0x00000000ed100000, 0x00000000ed200000, 0x00000000ed200000|100%| O|  |TAMS 0x00000000ed200000, 0x00000000ed100000| Untracked 
| 210|0x00000000ed200000, 0x00000000ed300000, 0x00000000ed300000|100%| O|  |TAMS 0x00000000ed300000, 0x00000000ed200000| Untracked 
| 211|0x00000000ed300000, 0x00000000ed400000, 0x00000000ed400000|100%|HS|  |TAMS 0x00000000ed400000, 0x00000000ed300000| Complete 
| 212|0x00000000ed400000, 0x00000000ed500000, 0x00000000ed500000|100%|HC|  |TAMS 0x00000000ed500000, 0x00000000ed400000| Complete 
| 213|0x00000000ed500000, 0x00000000ed500000, 0x00000000ed600000|  0%| F|  |TAMS 0x00000000ed500000, 0x00000000ed500000| Untracked 
| 214|0x00000000ed600000, 0x00000000ed700000, 0x00000000ed700000|100%| O|  |TAMS 0x00000000ed700000, 0x00000000ed600000| Untracked 
| 215|0x00000000ed700000, 0x00000000ed800000, 0x00000000ed800000|100%| O|  |TAMS 0x00000000ed800000, 0x00000000ed700000| Untracked 
| 216|0x00000000ed800000, 0x00000000ed800000, 0x00000000ed900000|  0%| F|  |TAMS 0x00000000ed800000, 0x00000000ed800000| Untracked 
| 217|0x00000000ed900000, 0x00000000eda00000, 0x00000000eda00000|100%| O|  |TAMS 0x00000000eda00000, 0x00000000ed900000| Untracked 
| 218|0x00000000eda00000, 0x00000000edb00000, 0x00000000edb00000|100%| O|  |TAMS 0x00000000edb00000, 0x00000000eda00000| Untracked 
| 219|0x00000000edb00000, 0x00000000edc00000, 0x00000000edc00000|100%| O|  |TAMS 0x00000000edc00000, 0x00000000edb00000| Untracked 
| 220|0x00000000edc00000, 0x00000000edc00000, 0x00000000edd00000|  0%| F|  |TAMS 0x00000000edc00000, 0x00000000edc00000| Untracked 
| 221|0x00000000edd00000, 0x00000000ede00000, 0x00000000ede00000|100%| O|  |TAMS 0x00000000ede00000, 0x00000000edd00000| Untracked 
| 222|0x00000000ede00000, 0x00000000edf00000, 0x00000000edf00000|100%| O|  |TAMS 0x00000000edf00000, 0x00000000ede00000| Untracked 
| 223|0x00000000edf00000, 0x00000000edf00000, 0x00000000ee000000|  0%| F|  |TAMS 0x00000000edf00000, 0x00000000edf00000| Untracked 
| 224|0x00000000ee000000, 0x00000000ee100000, 0x00000000ee100000|100%| O|  |TAMS 0x00000000ee100000, 0x00000000ee000000| Untracked 
| 225|0x00000000ee100000, 0x00000000ee200000, 0x00000000ee200000|100%| O|  |TAMS 0x00000000ee200000, 0x00000000ee100000| Untracked 
| 226|0x00000000ee200000, 0x00000000ee300000, 0x00000000ee300000|100%| O|  |TAMS 0x00000000ee300000, 0x00000000ee200000| Untracked 
| 227|0x00000000ee300000, 0x00000000ee400000, 0x00000000ee400000|100%| O|  |TAMS 0x00000000ee400000, 0x00000000ee300000| Untracked 
| 228|0x00000000ee400000, 0x00000000ee500000, 0x00000000ee500000|100%| O|  |TAMS 0x00000000ee500000, 0x00000000ee400000| Untracked 
| 229|0x00000000ee500000, 0x00000000ee500000, 0x00000000ee600000|  0%| F|  |TAMS 0x00000000ee500000, 0x00000000ee500000| Untracked 
| 230|0x00000000ee600000, 0x00000000ee700000, 0x00000000ee700000|100%| O|  |TAMS 0x00000000ee700000, 0x00000000ee600000| Untracked 
| 231|0x00000000ee700000, 0x00000000ee800000, 0x00000000ee800000|100%| O|  |TAMS 0x00000000ee800000, 0x00000000ee700000| Untracked 
| 232|0x00000000ee800000, 0x00000000ee800000, 0x00000000ee900000|  0%| F|  |TAMS 0x00000000ee800000, 0x00000000ee800000| Untracked 
| 233|0x00000000ee900000, 0x00000000ee900000, 0x00000000eea00000|  0%| F|  |TAMS 0x00000000ee900000, 0x00000000ee900000| Untracked 
| 234|0x00000000eea00000, 0x00000000eea00000, 0x00000000eeb00000|  0%| F|  |TAMS 0x00000000eea00000, 0x00000000eea00000| Untracked 
| 235|0x00000000eeb00000, 0x00000000eeb00000, 0x00000000eec00000|  0%| F|  |TAMS 0x00000000eeb00000, 0x00000000eeb00000| Untracked 
| 236|0x00000000eec00000, 0x00000000eec00000, 0x00000000eed00000|  0%| F|  |TAMS 0x00000000eec00000, 0x00000000eec00000| Untracked 
| 237|0x00000000eed00000, 0x00000000eed00000, 0x00000000eee00000|  0%| F|  |TAMS 0x00000000eed00000, 0x00000000eed00000| Untracked 
| 238|0x00000000eee00000, 0x00000000eee00000, 0x00000000eef00000|  0%| F|  |TAMS 0x00000000eee00000, 0x00000000eee00000| Untracked 
| 239|0x00000000eef00000, 0x00000000ef000000, 0x00000000ef000000|100%| O|  |TAMS 0x00000000ef000000, 0x00000000eef00000| Untracked 
| 240|0x00000000ef000000, 0x00000000ef000000, 0x00000000ef100000|  0%| F|  |TAMS 0x00000000ef000000, 0x00000000ef000000| Untracked 
| 241|0x00000000ef100000, 0x00000000ef100000, 0x00000000ef200000|  0%| F|  |TAMS 0x00000000ef100000, 0x00000000ef100000| Untracked 
| 242|0x00000000ef200000, 0x00000000ef200000, 0x00000000ef300000|  0%| F|  |TAMS 0x00000000ef200000, 0x00000000ef200000| Untracked 
| 243|0x00000000ef300000, 0x00000000ef300000, 0x00000000ef400000|  0%| F|  |TAMS 0x00000000ef300000, 0x00000000ef300000| Untracked 
| 244|0x00000000ef400000, 0x00000000ef400000, 0x00000000ef500000|  0%| F|  |TAMS 0x00000000ef400000, 0x00000000ef400000| Untracked 
| 245|0x00000000ef500000, 0x00000000ef500000, 0x00000000ef600000|  0%| F|  |TAMS 0x00000000ef500000, 0x00000000ef500000| Untracked 
| 246|0x00000000ef600000, 0x00000000ef600000, 0x00000000ef700000|  0%| F|  |TAMS 0x00000000ef600000, 0x00000000ef600000| Untracked 
| 247|0x00000000ef700000, 0x00000000ef700000, 0x00000000ef800000|  0%| F|  |TAMS 0x00000000ef700000, 0x00000000ef700000| Untracked 
| 248|0x00000000ef800000, 0x00000000ef800000, 0x00000000ef900000|  0%| F|  |TAMS 0x00000000ef800000, 0x00000000ef800000| Untracked 
| 249|0x00000000ef900000, 0x00000000ef900000, 0x00000000efa00000|  0%| F|  |TAMS 0x00000000ef900000, 0x00000000ef900000| Untracked 
| 250|0x00000000efa00000, 0x00000000efa00000, 0x00000000efb00000|  0%| F|  |TAMS 0x00000000efa00000, 0x00000000efa00000| Untracked 
| 251|0x00000000efb00000, 0x00000000efb00000, 0x00000000efc00000|  0%| F|  |TAMS 0x00000000efb00000, 0x00000000efb00000| Untracked 
| 252|0x00000000efc00000, 0x00000000efc00000, 0x00000000efd00000|  0%| F|  |TAMS 0x00000000efc00000, 0x00000000efc00000| Untracked 
| 253|0x00000000efd00000, 0x00000000efd00000, 0x00000000efe00000|  0%| F|  |TAMS 0x00000000efd00000, 0x00000000efd00000| Untracked 
| 254|0x00000000efe00000, 0x00000000efe00000, 0x00000000eff00000|  0%| F|  |TAMS 0x00000000efe00000, 0x00000000efe00000| Untracked 
| 255|0x00000000eff00000, 0x00000000eff00000, 0x00000000f0000000|  0%| F|  |TAMS 0x00000000eff00000, 0x00000000eff00000| Untracked 
| 256|0x00000000f0000000, 0x00000000f0000000, 0x00000000f0100000|  0%| F|  |TAMS 0x00000000f0000000, 0x00000000f0000000| Untracked 
| 257|0x00000000f0100000, 0x00000000f0100000, 0x00000000f0200000|  0%| F|  |TAMS 0x00000000f0100000, 0x00000000f0100000| Untracked 
| 258|0x00000000f0200000, 0x00000000f0200000, 0x00000000f0300000|  0%| F|  |TAMS 0x00000000f0200000, 0x00000000f0200000| Untracked 
| 259|0x00000000f0300000, 0x00000000f0300000, 0x00000000f0400000|  0%| F|  |TAMS 0x00000000f0300000, 0x00000000f0300000| Untracked 
| 260|0x00000000f0400000, 0x00000000f0400000, 0x00000000f0500000|  0%| F|  |TAMS 0x00000000f0400000, 0x00000000f0400000| Untracked 
| 261|0x00000000f0500000, 0x00000000f0500000, 0x00000000f0600000|  0%| F|  |TAMS 0x00000000f0500000, 0x00000000f0500000| Untracked 
| 262|0x00000000f0600000, 0x00000000f0600000, 0x00000000f0700000|  0%| F|  |TAMS 0x00000000f0600000, 0x00000000f0600000| Untracked 
| 263|0x00000000f0700000, 0x00000000f0700000, 0x00000000f0800000|  0%| F|  |TAMS 0x00000000f0700000, 0x00000000f0700000| Untracked 
| 264|0x00000000f0800000, 0x00000000f0800000, 0x00000000f0900000|  0%| F|  |TAMS 0x00000000f0800000, 0x00000000f0800000| Untracked 
| 265|0x00000000f0900000, 0x00000000f0900000, 0x00000000f0a00000|  0%| F|  |TAMS 0x00000000f0900000, 0x00000000f0900000| Untracked 
| 266|0x00000000f0a00000, 0x00000000f0a00000, 0x00000000f0b00000|  0%| F|  |TAMS 0x00000000f0a00000, 0x00000000f0a00000| Untracked 
| 267|0x00000000f0b00000, 0x00000000f0b00000, 0x00000000f0c00000|  0%| F|  |TAMS 0x00000000f0b00000, 0x00000000f0b00000| Untracked 
| 268|0x00000000f0c00000, 0x00000000f0c00000, 0x00000000f0d00000|  0%| F|  |TAMS 0x00000000f0c00000, 0x00000000f0c00000| Untracked 
| 269|0x00000000f0d00000, 0x00000000f0d00000, 0x00000000f0e00000|  0%| F|  |TAMS 0x00000000f0d00000, 0x00000000f0d00000| Untracked 
| 270|0x00000000f0e00000, 0x00000000f0e00000, 0x00000000f0f00000|  0%| F|  |TAMS 0x00000000f0e00000, 0x00000000f0e00000| Untracked 
| 271|0x00000000f0f00000, 0x00000000f0f00000, 0x00000000f1000000|  0%| F|  |TAMS 0x00000000f0f00000, 0x00000000f0f00000| Untracked 
| 272|0x00000000f1000000, 0x00000000f1000000, 0x00000000f1100000|  0%| F|  |TAMS 0x00000000f1000000, 0x00000000f1000000| Untracked 
| 273|0x00000000f1100000, 0x00000000f1100000, 0x00000000f1200000|  0%| F|  |TAMS 0x00000000f1100000, 0x00000000f1100000| Untracked 
| 274|0x00000000f1200000, 0x00000000f1200800, 0x00000000f1300000|  0%| E|  |TAMS 0x00000000f1200000, 0x00000000f1200000| Complete 
| 275|0x00000000f1300000, 0x00000000f1400000, 0x00000000f1400000|100%| E|CS|TAMS 0x00000000f1300000, 0x00000000f1300000| Complete 
| 276|0x00000000f1400000, 0x00000000f1500000, 0x00000000f1500000|100%| E|CS|TAMS 0x00000000f1400000, 0x00000000f1400000| Complete 
| 277|0x00000000f1500000, 0x00000000f1600000, 0x00000000f1600000|100%| E|CS|TAMS 0x00000000f1500000, 0x00000000f1500000| Complete 
| 278|0x00000000f1600000, 0x00000000f1700000, 0x00000000f1700000|100%| E|CS|TAMS 0x00000000f1600000, 0x00000000f1600000| Complete 
| 279|0x00000000f1700000, 0x00000000f1800000, 0x00000000f1800000|100%| E|CS|TAMS 0x00000000f1700000, 0x00000000f1700000| Complete 
| 280|0x00000000f1800000, 0x00000000f1900000, 0x00000000f1900000|100%| E|CS|TAMS 0x00000000f1800000, 0x00000000f1800000| Complete 
| 281|0x00000000f1900000, 0x00000000f1a00000, 0x00000000f1a00000|100%| E|CS|TAMS 0x00000000f1900000, 0x00000000f1900000| Complete 
| 282|0x00000000f1a00000, 0x00000000f1b00000, 0x00000000f1b00000|100%| E|CS|TAMS 0x00000000f1a00000, 0x00000000f1a00000| Complete 
| 283|0x00000000f1b00000, 0x00000000f1c00000, 0x00000000f1c00000|100%| E|CS|TAMS 0x00000000f1b00000, 0x00000000f1b00000| Complete 
| 284|0x00000000f1c00000, 0x00000000f1d00000, 0x00000000f1d00000|100%| E|CS|TAMS 0x00000000f1c00000, 0x00000000f1c00000| Complete 
| 285|0x00000000f1d00000, 0x00000000f1e00000, 0x00000000f1e00000|100%| E|CS|TAMS 0x00000000f1d00000, 0x00000000f1d00000| Complete 
| 286|0x00000000f1e00000, 0x00000000f1f00000, 0x00000000f1f00000|100%| E|CS|TAMS 0x00000000f1e00000, 0x00000000f1e00000| Complete 
| 287|0x00000000f1f00000, 0x00000000f1fc52c0, 0x00000000f2000000| 77%| S|CS|TAMS 0x00000000f1f00000, 0x00000000f1f00000| Complete 
| 288|0x00000000f2000000, 0x00000000f2100000, 0x00000000f2100000|100%| E|CS|TAMS 0x00000000f2000000, 0x00000000f2000000| Complete 
| 289|0x00000000f2100000, 0x00000000f2200000, 0x00000000f2200000|100%| E|CS|TAMS 0x00000000f2100000, 0x00000000f2100000| Complete 
| 290|0x00000000f2200000, 0x00000000f2300000, 0x00000000f2300000|100%| E|CS|TAMS 0x00000000f2200000, 0x00000000f2200000| Complete 
| 291|0x00000000f2300000, 0x00000000f2400000, 0x00000000f2400000|100%| E|CS|TAMS 0x00000000f2300000, 0x00000000f2300000| Complete 
| 292|0x00000000f2400000, 0x00000000f2500000, 0x00000000f2500000|100%| E|CS|TAMS 0x00000000f2400000, 0x00000000f2400000| Complete 
| 293|0x00000000f2500000, 0x00000000f2600000, 0x00000000f2600000|100%| E|CS|TAMS 0x00000000f2500000, 0x00000000f2500000| Complete 
| 294|0x00000000f2600000, 0x00000000f2700000, 0x00000000f2700000|100%| E|CS|TAMS 0x00000000f2600000, 0x00000000f2600000| Complete 
| 295|0x00000000f2700000, 0x00000000f2800000, 0x00000000f2800000|100%| E|CS|TAMS 0x00000000f2700000, 0x00000000f2700000| Complete 
| 296|0x00000000f2800000, 0x00000000f2900000, 0x00000000f2900000|100%| E|CS|TAMS 0x00000000f2800000, 0x00000000f2800000| Complete 
| 297|0x00000000f2900000, 0x00000000f2a00000, 0x00000000f2a00000|100%| E|CS|TAMS 0x00000000f2900000, 0x00000000f2900000| Complete 

Card table byte_map: [0x000002787c190000,0x000002787c290000] _byte_map_base: 0x000002787ba90000

Marking Bits (Prev, Next): (CMBitMap*) 0x0000027862b46e40, (CMBitMap*) 0x0000027862b46e08
 Prev Bits: [0x000002787cb90000, 0x000002787d390000)
 Next Bits: [0x000002787c390000, 0x000002787cb90000)

Polling page: 0x0000027862c00000

Metaspace:

Usage:
  Non-class:    102.97 MB capacity,    99.41 MB ( 97%) used,     3.16 MB (  3%) free+waste,   402.81 KB ( <1%) overhead. 
      Class:     15.86 MB capacity,    14.02 MB ( 88%) used,     1.67 MB ( 11%) free+waste,   179.69 KB (  1%) overhead. 
       Both:    118.83 MB capacity,   113.43 MB ( 95%) used,     4.83 MB (  4%) free+waste,   582.50 KB ( <1%) overhead. 

Virtual space:
  Non-class space:      110.00 MB reserved,     109.33 MB (>99%) committed 
      Class space:      248.00 MB reserved,      17.13 MB (  7%) committed 
             Both:      358.00 MB reserved,     126.45 MB ( 35%) committed 

Chunk freelists:
   Non-Class:  6.24 MB
       Class:  1.20 MB
        Both:  7.43 MB

MaxMetaspaceSize: 256.00 MB
CompressedClassSpaceSize: 248.00 MB
Initial GC threshold: 20.80 MB
Current GC threshold: 210.76 MB
CDS: off

CodeHeap 'non-profiled nmethods': size=120064Kb used=15061Kb max_used=15061Kb free=105002Kb
 bounds [0x0000027874530000, 0x00000278753f0000, 0x000002787ba70000]
CodeHeap 'profiled nmethods': size=120000Kb used=42766Kb max_used=42766Kb free=77233Kb
 bounds [0x000002786d000000, 0x000002786f9d0000, 0x0000027874530000]
CodeHeap 'non-nmethods': size=5696Kb used=2387Kb max_used=2450Kb free=3308Kb
 bounds [0x000002786ca70000, 0x000002786cce0000, 0x000002786d000000]
 total_blobs=21316 nmethods=20411 adapters=816
 compilation: enabled
              stopped_count=0, restarted_count=0
 full_count=0

Compilation events (20 events):
Event: 1192.802 Thread 0x000002787f9fa000 nmethod 22514 0x000002786f9af090 code [0x000002786f9af260, 0x000002786f9af4e8]
Event: 1192.802 Thread 0x000002787f9fa000 22513       3       java.io.ObjectStreamClass$ClassDataSlot::<init> (15 bytes)
Event: 1192.803 Thread 0x000002787f9fa000 nmethod 22513 0x000002786f9af610 code [0x000002786f9af7c0, 0x000002786f9af978]
Event: 1192.804 Thread 0x000002787f9fa000 22515       3       java.io.ObjectInputStream::readClassDescriptor (15 bytes)
Event: 1192.805 Thread 0x00000278043f1800 22519   !   4       java.io.ObjectInputStream$BlockDataInputStream::readUTFSpan (502 bytes)
Event: 1192.805 Thread 0x000002787f9fa000 nmethod 22515 0x000002786f9afa10 code [0x000002786f9afbe0, 0x000002786f9afe48]
Event: 1192.805 Thread 0x000002787f9fa000 22516   !   3       java.io.ObjectStreamClass::readNonProxy (407 bytes)
Event: 1192.810 Thread 0x000002787f9fa000 nmethod 22516 0x000002786f9aff90 code [0x000002786f9b0580, 0x000002786f9b36b8]
Event: 1192.810 Thread 0x000002787f9fa000 22520       3       java.io.ObjectInputStream::readString (117 bytes)
Event: 1192.812 Thread 0x000002787f9fa000 nmethod 22520 0x000002786f9b4910 code [0x000002786f9b4c60, 0x000002786f9b5d28]
Event: 1192.812 Thread 0x000002787f9fa000 22521       3       java.io.ObjectInputStream::checkResolve (86 bytes)
Event: 1192.813 Thread 0x000002787f9fa000 nmethod 22521 0x000002786f9b6410 code [0x000002786f9b6660, 0x000002786f9b6d78]
Event: 1192.813 Thread 0x000002787f9fa000 22522   !   3       java.io.ObjectInputStream$BlockDataInputStream::readBlockHeader (249 bytes)
Event: 1192.817 Thread 0x000002787f9fa000 nmethod 22522 0x000002786f9b7010 code [0x000002786f9b7460, 0x000002786f9b91c8]
Event: 1192.817 Thread 0x000002787f9fa000 22523       3       java.io.ObjectInputStream$BlockDataInputStream::readInt (73 bytes)
Event: 1192.817 Thread 0x000002787f9fa000 nmethod 22523 0x000002786f9ba190 code [0x000002786f9ba380, 0x000002786f9ba608]
Event: 1192.817 Thread 0x000002787f9fa000 22517       3       java.io.ObjectInputStream::readLong (8 bytes)
Event: 1192.818 Thread 0x000002787f9fa000 nmethod 22517 0x000002786f9ba710 code [0x000002786f9ba8c0, 0x000002786f9ba9e8]
Event: 1192.823 Thread 0x000002787f9fa000 22524   !   3       org.gradle.internal.work.DefaultConditionalExecutionQueue$ExecutionRunner$1::transform (203 bytes)
Event: 1192.825 Thread 0x000002787f9fa000 nmethod 22524 0x000002786f9baa90 code [0x000002786f9bade0, 0x000002786f9bc2a8]

GC Heap History (20 events):
Event: 1182.758 GC heap before
{Heap before GC invocations=105 (full 0):
 garbage-first heap   total 305152K, used 262030K [0x00000000e0000000, 0x0000000100000000)
  region size 1024K, 38 young (38912K), 2 survivors (2048K)
 Metaspace       used 115293K, capacity 120791K, committed 129488K, reserved 366592K
  class space    used 14302K, capacity 16182K, committed 17536K, reserved 253952K
}
Event: 1182.794 GC heap after
{Heap after GC invocations=106 (full 0):
 garbage-first heap   total 305152K, used 233472K [0x00000000e0000000, 0x0000000100000000)
  region size 1024K, 5 young (5120K), 5 survivors (5120K)
 Metaspace       used 115293K, capacity 120791K, committed 129488K, reserved 366592K
  class space    used 14302K, capacity 16182K, committed 17536K, reserved 253952K
}
Event: 1183.534 GC heap before
{Heap before GC invocations=106 (full 0):
 garbage-first heap   total 305152K, used 262144K [0x00000000e0000000, 0x0000000100000000)
  region size 1024K, 33 young (33792K), 5 survivors (5120K)
 Metaspace       used 115351K, capacity 120862K, committed 129488K, reserved 366592K
  class space    used 14303K, capacity 16183K, committed 17536K, reserved 253952K
}
Event: 1183.620 GC heap after
{Heap after GC invocations=107 (full 0):
 garbage-first heap   total 305152K, used 239042K [0x00000000e0000000, 0x0000000100000000)
  region size 1024K, 5 young (5120K), 5 survivors (5120K)
 Metaspace       used 115351K, capacity 120862K, committed 129488K, reserved 366592K
  class space    used 14303K, capacity 16183K, committed 17536K, reserved 253952K
}
Event: 1185.287 GC heap before
{Heap before GC invocations=107 (full 0):
 garbage-first heap   total 305152K, used 256450K [0x00000000e0000000, 0x0000000100000000)
  region size 1024K, 28 young (28672K), 5 survivors (5120K)
 Metaspace       used 115239K, capacity 120647K, committed 129488K, reserved 366592K
  class space    used 14277K, capacity 16131K, committed 17536K, reserved 253952K
}
Event: 1185.338 GC heap after
{Heap after GC invocations=108 (full 0):
 garbage-first heap   total 305152K, used 237552K [0x00000000e0000000, 0x0000000100000000)
  region size 1024K, 4 young (4096K), 4 survivors (4096K)
 Metaspace       used 115239K, capacity 120647K, committed 129488K, reserved 366592K
  class space    used 14277K, capacity 16131K, committed 17536K, reserved 253952K
}
Event: 1186.278 GC heap before
{Heap before GC invocations=109 (full 0):
 garbage-first heap   total 305152K, used 262128K [0x00000000e0000000, 0x0000000100000000)
  region size 1024K, 28 young (28672K), 4 survivors (4096K)
 Metaspace       used 115268K, capacity 120657K, committed 129488K, reserved 366592K
  class space    used 14280K, capacity 16133K, committed 17536K, reserved 253952K
}
Event: 1186.307 GC heap after
{Heap after GC invocations=110 (full 0):
 garbage-first heap   total 305152K, used 241290K [0x00000000e0000000, 0x0000000100000000)
  region size 1024K, 4 young (4096K), 4 survivors (4096K)
 Metaspace       used 115268K, capacity 120657K, committed 129488K, reserved 366592K
  class space    used 14280K, capacity 16133K, committed 17536K, reserved 253952K
}
Event: 1186.491 GC heap before
{Heap before GC invocations=110 (full 0):
 garbage-first heap   total 305152K, used 251530K [0x00000000e0000000, 0x0000000100000000)
  region size 1024K, 14 young (14336K), 4 survivors (4096K)
 Metaspace       used 115278K, capacity 120664K, committed 129488K, reserved 366592K
  class space    used 14281K, capacity 16135K, committed 17536K, reserved 253952K
}
Event: 1186.524 GC heap after
{Heap after GC invocations=111 (full 0):
 garbage-first heap   total 305152K, used 215239K [0x00000000e0000000, 0x0000000100000000)
  region size 1024K, 2 young (2048K), 2 survivors (2048K)
 Metaspace       used 115278K, capacity 120664K, committed 129488K, reserved 366592K
  class space    used 14281K, capacity 16135K, committed 17536K, reserved 253952K
}
Event: 1186.938 GC heap before
{Heap before GC invocations=111 (full 0):
 garbage-first heap   total 305152K, used 227527K [0x00000000e0000000, 0x0000000100000000)
  region size 1024K, 14 young (14336K), 2 survivors (2048K)
 Metaspace       used 115307K, capacity 120728K, committed 129488K, reserved 366592K
  class space    used 14281K, capacity 16135K, committed 17536K, reserved 253952K
}
Event: 1187.024 GC heap after
{Heap after GC invocations=112 (full 0):
 garbage-first heap   total 305152K, used 204800K [0x00000000e0000000, 0x0000000100000000)
  region size 1024K, 2 young (2048K), 2 survivors (2048K)
 Metaspace       used 115307K, capacity 120728K, committed 129488K, reserved 366592K
  class space    used 14281K, capacity 16135K, committed 17536K, reserved 253952K
}
Event: 1187.388 GC heap before
{Heap before GC invocations=112 (full 0):
 garbage-first heap   total 305152K, used 217088K [0x00000000e0000000, 0x0000000100000000)
  region size 1024K, 14 young (14336K), 2 survivors (2048K)
 Metaspace       used 115354K, capacity 120737K, committed 129488K, reserved 366592K
  class space    used 14282K, capacity 16136K, committed 17536K, reserved 253952K
}
Event: 1187.455 GC heap after
{Heap after GC invocations=113 (full 0):
 garbage-first heap   total 305152K, used 205312K [0x00000000e0000000, 0x0000000100000000)
  region size 1024K, 2 young (2048K), 2 survivors (2048K)
 Metaspace       used 115354K, capacity 120737K, committed 129488K, reserved 366592K
  class space    used 14282K, capacity 16136K, committed 17536K, reserved 253952K
}
Event: 1188.450 GC heap before
{Heap before GC invocations=113 (full 0):
 garbage-first heap   total 305152K, used 242176K [0x00000000e0000000, 0x0000000100000000)
  region size 1024K, 38 young (38912K), 2 survivors (2048K)
 Metaspace       used 115395K, capacity 120867K, committed 129488K, reserved 366592K
  class space    used 14282K, capacity 16136K, committed 17536K, reserved 253952K
}
Event: 1188.499 GC heap after
{Heap after GC invocations=114 (full 0):
 garbage-first heap   total 305152K, used 216064K [0x00000000e0000000, 0x0000000100000000)
  region size 1024K, 5 young (5120K), 5 survivors (5120K)
 Metaspace       used 115395K, capacity 120867K, committed 129488K, reserved 366592K
  class space    used 14282K, capacity 16136K, committed 17536K, reserved 253952K
}
Event: 1191.235 GC heap before
{Heap before GC invocations=115 (full 0):
 garbage-first heap   total 305152K, used 247808K [0x00000000e0000000, 0x0000000100000000)
  region size 1024K, 37 young (37888K), 5 survivors (5120K)
 Metaspace       used 115801K, capacity 121339K, committed 129488K, reserved 366592K
  class space    used 14329K, capacity 16193K, committed 17536K, reserved 253952K
}
Event: 1191.277 GC heap after
{Heap after GC invocations=116 (full 0):
 garbage-first heap   total 305152K, used 220559K [0x00000000e0000000, 0x0000000100000000)
  region size 1024K, 4 young (4096K), 4 survivors (4096K)
 Metaspace       used 115801K, capacity 121339K, committed 129488K, reserved 366592K
  class space    used 14329K, capacity 16193K, committed 17536K, reserved 253952K
}
Event: 1191.513 GC heap before
{Heap before GC invocations=116 (full 0):
 garbage-first heap   total 305152K, used 229775K [0x00000000e0000000, 0x0000000100000000)
  region size 1024K, 14 young (14336K), 4 survivors (4096K)
 Metaspace       used 115801K, capacity 121339K, committed 129488K, reserved 366592K
  class space    used 14329K, capacity 16193K, committed 17536K, reserved 253952K
}
Event: 1191.552 GC heap after
{Heap after GC invocations=117 (full 0):
 garbage-first heap   total 305152K, used 216702K [0x00000000e0000000, 0x0000000100000000)
  region size 1024K, 1 young (1024K), 1 survivors (1024K)
 Metaspace       used 115801K, capacity 121339K, committed 129488K, reserved 366592K
  class space    used 14329K, capacity 16193K, committed 17536K, reserved 253952K
}

Deoptimization events (20 events):
Event: 1192.000 Thread 0x0000027802d14000 Uncommon trap: trap_request=0xffffff5c fr.pc=0x0000027874da226c relative=0x00000000000000ac
Event: 1192.000 Thread 0x0000027802d14000 Uncommon trap: reason=speculate_null_assert action=make_not_entrant pc=0x0000027874da226c method=org.gradle.internal.operations.DefaultBuildOperationRunner.execute(Lorg/gradle/internal/operations/BuildOperationDescriptor$Builder;Lorg/gradle/internal/opera
Event: 1192.000 Thread 0x0000027802d14000 DEOPT PACKING pc=0x0000027874da226c sp=0x000000935a8feaa0
Event: 1192.000 Thread 0x0000027802d14000 DEOPT UNPACKING pc=0x000002786caba1af sp=0x000000935a8fea48 mode 2
Event: 1192.002 Thread 0x0000027802d14000 Uncommon trap: trap_request=0xffffff64 fr.pc=0x00000278753bb4b0 relative=0x0000000000001010
Event: 1192.002 Thread 0x0000027802d14000 Uncommon trap: reason=speculate_null_check action=make_not_entrant pc=0x00000278753bb4b0 method=org.gradle.internal.operations.UnmanagedBuildOperationWrapper.maybeStopUnmanagedThreadOperation(Lorg/gradle/internal/operations/BuildOperationState;)V @ 1 c2
Event: 1192.002 Thread 0x0000027802d0f000 Uncommon trap: trap_request=0xffffff64 fr.pc=0x00000278753bb4b0 relative=0x0000000000001010
Event: 1192.003 Thread 0x0000027802d0f000 Uncommon trap: reason=speculate_null_check action=make_not_entrant pc=0x00000278753bb4b0 method=org.gradle.internal.operations.UnmanagedBuildOperationWrapper.maybeStopUnmanagedThreadOperation(Lorg/gradle/internal/operations/BuildOperationState;)V @ 1 c2
Event: 1192.002 Thread 0x0000027802d14000 DEOPT PACKING pc=0x00000278753bb4b0 sp=0x000000935a8feba0
Event: 1192.003 Thread 0x0000027802d14000 DEOPT UNPACKING pc=0x000002786caba1af sp=0x000000935a8fead8 mode 2
Event: 1192.003 Thread 0x0000027802d0f000 DEOPT PACKING pc=0x00000278753bb4b0 sp=0x000000935a3feee0
Event: 1192.003 Thread 0x0000027802d0f000 DEOPT UNPACKING pc=0x000002786caba1af sp=0x000000935a3fee18 mode 2
Event: 1192.006 Thread 0x0000027802d0f000 Uncommon trap: trap_request=0xffffff64 fr.pc=0x0000027874ffeba8 relative=0x0000000000000668
Event: 1192.006 Thread 0x0000027802d0f000 Uncommon trap: reason=speculate_null_check action=make_not_entrant pc=0x0000027874ffeba8 method=org.gradle.internal.operations.UnmanagedBuildOperationWrapper.maybeStopUnmanagedThreadOperation(Lorg/gradle/internal/operations/BuildOperationState;)V @ 1 c2
Event: 1192.006 Thread 0x0000027802d0f000 DEOPT PACKING pc=0x0000027874ffeba8 sp=0x000000935a3fee80
Event: 1192.006 Thread 0x0000027802d0f000 DEOPT UNPACKING pc=0x000002786caba1af sp=0x000000935a3fee18 mode 2
Event: 1192.007 Thread 0x0000027802d14000 Uncommon trap: trap_request=0xffffff64 fr.pc=0x0000027874ffeba8 relative=0x0000000000000668
Event: 1192.007 Thread 0x0000027802d14000 Uncommon trap: reason=speculate_null_check action=make_not_entrant pc=0x0000027874ffeba8 method=org.gradle.internal.operations.UnmanagedBuildOperationWrapper.maybeStopUnmanagedThreadOperation(Lorg/gradle/internal/operations/BuildOperationState;)V @ 1 c2
Event: 1192.007 Thread 0x0000027802d14000 DEOPT PACKING pc=0x0000027874ffeba8 sp=0x000000935a8feb40
Event: 1192.007 Thread 0x0000027802d14000 DEOPT UNPACKING pc=0x000002786caba1af sp=0x000000935a8fead8 mode 2

Classes redefined (0 events):
No events

Internal exceptions (20 events):
Event: 1192.753 Thread 0x0000027802d11800 Exception <a 'sun/nio/fs/WindowsException'{0x00000000f134f990}> (0x00000000f134f990) thrown at [./src/hotspot/share/prims/jni.cpp, line 617]
Event: 1192.754 Thread 0x0000027802d11800 Exception <a 'sun/nio/fs/WindowsException'{0x00000000f1350378}> (0x00000000f1350378) thrown at [./src/hotspot/share/prims/jni.cpp, line 617]
Event: 1192.776 Thread 0x0000027802d14000 Exception <a 'sun/nio/fs/WindowsException'{0x00000000f135a9f0}> (0x00000000f135a9f0) thrown at [./src/hotspot/share/prims/jni.cpp, line 617]
Event: 1192.776 Thread 0x0000027802d14000 Exception <a 'sun/nio/fs/WindowsException'{0x00000000f135b3d8}> (0x00000000f135b3d8) thrown at [./src/hotspot/share/prims/jni.cpp, line 617]
Event: 1192.779 Thread 0x0000027802d11800 Exception <a 'sun/nio/fs/WindowsException'{0x00000000f1366088}> (0x00000000f1366088) thrown at [./src/hotspot/share/prims/jni.cpp, line 617]
Event: 1192.779 Thread 0x0000027802d11800 Exception <a 'sun/nio/fs/WindowsException'{0x00000000f1366cc8}> (0x00000000f1366cc8) thrown at [./src/hotspot/share/prims/jni.cpp, line 617]
Event: 1192.799 Thread 0x0000027802d0f000 Exception <a 'sun/nio/fs/WindowsException'{0x00000000f1374360}> (0x00000000f1374360) thrown at [./src/hotspot/share/prims/jni.cpp, line 617]
Event: 1192.799 Thread 0x0000027802d0f000 Exception <a 'sun/nio/fs/WindowsException'{0x00000000f1374d48}> (0x00000000f1374d48) thrown at [./src/hotspot/share/prims/jni.cpp, line 617]
Event: 1192.802 Thread 0x0000027802d0f000 Exception <a 'sun/nio/fs/WindowsException'{0x00000000f13831e8}> (0x00000000f13831e8) thrown at [./src/hotspot/share/prims/jni.cpp, line 617]
Event: 1192.803 Thread 0x0000027802d0f000 Exception <a 'sun/nio/fs/WindowsException'{0x00000000f1383be0}> (0x00000000f1383be0) thrown at [./src/hotspot/share/prims/jni.cpp, line 617]
Event: 1192.806 Thread 0x0000027802d0f000 Exception <a 'sun/nio/fs/WindowsException'{0x00000000f1392b98}> (0x00000000f1392b98) thrown at [./src/hotspot/share/prims/jni.cpp, line 617]
Event: 1192.806 Thread 0x0000027802d0f000 Exception <a 'sun/nio/fs/WindowsException'{0x00000000f13935b8}> (0x00000000f13935b8) thrown at [./src/hotspot/share/prims/jni.cpp, line 617]
Event: 1192.809 Thread 0x0000027802d0f000 Exception <a 'sun/nio/fs/WindowsException'{0x00000000f139b5e8}> (0x00000000f139b5e8) thrown at [./src/hotspot/share/prims/jni.cpp, line 617]
Event: 1192.809 Thread 0x0000027802d0f000 Exception <a 'sun/nio/fs/WindowsException'{0x00000000f139c020}> (0x00000000f139c020) thrown at [./src/hotspot/share/prims/jni.cpp, line 617]
Event: 1192.813 Thread 0x0000027802d11000 Exception <a 'sun/nio/fs/WindowsException'{0x00000000f13a0410}> (0x00000000f13a0410) thrown at [./src/hotspot/share/prims/jni.cpp, line 617]
Event: 1192.813 Thread 0x0000027802d11000 Exception <a 'sun/nio/fs/WindowsException'{0x00000000f13a0e08}> (0x00000000f13a0e08) thrown at [./src/hotspot/share/prims/jni.cpp, line 617]
Event: 1192.816 Thread 0x0000027802d11000 Exception <a 'sun/nio/fs/WindowsException'{0x00000000f13a9538}> (0x00000000f13a9538) thrown at [./src/hotspot/share/prims/jni.cpp, line 617]
Event: 1192.816 Thread 0x0000027802d11000 Exception <a 'sun/nio/fs/WindowsException'{0x00000000f13a9f20}> (0x00000000f13a9f20) thrown at [./src/hotspot/share/prims/jni.cpp, line 617]
Event: 1192.821 Thread 0x0000027802d0f000 Exception <a 'sun/nio/fs/WindowsException'{0x00000000f13b09f0}> (0x00000000f13b09f0) thrown at [./src/hotspot/share/prims/jni.cpp, line 617]
Event: 1192.821 Thread 0x0000027802d0f000 Exception <a 'sun/nio/fs/WindowsException'{0x00000000f13b13e8}> (0x00000000f13b13e8) thrown at [./src/hotspot/share/prims/jni.cpp, line 617]

Events (20 events):
Event: 1192.589 loading class com/google/common/collect/LinkedListMultimap$KeyList done
Event: 1192.594 loading class com/google/common/collect/LinkedListMultimap$1
Event: 1192.594 loading class com/google/common/collect/LinkedListMultimap$1 done
Event: 1192.596 loading class com/google/common/collect/LinkedListMultimap$ValueForKeyIterator
Event: 1192.596 loading class com/google/common/collect/LinkedListMultimap$ValueForKeyIterator done
Event: 1192.599 loading class com/android/ide/common/resources/MergedAssetWriter$AssetWorkAction
Event: 1192.599 loading class com/android/ide/common/resources/MergedAssetWriter$AssetWorkAction done
Event: 1192.600 loading class com/android/ide/common/resources/MergedAssetWriter$AssetWorkParameters
Event: 1192.600 loading class com/android/ide/common/resources/MergedAssetWriter$AssetWorkParameters done
Event: 1192.603 loading class com/android/ide/common/resources/MergedAssetWriter$1
Event: 1192.603 loading class com/android/ide/common/resources/MergedAssetWriter$1 done
Event: 1192.615 loading class java/util/HashMap$UnsafeHolder
Event: 1192.615 loading class java/util/HashMap$UnsafeHolder done
Event: 1192.617 Executing VM operation: RevokeBias
Event: 1192.617 Executing VM operation: RevokeBias done
Event: 1192.634 loading class java/nio/file/StandardCopyOption
Event: 1192.635 loading class java/nio/file/StandardCopyOption done
Event: 1192.635 loading class sun/nio/fs/WindowsFileCopy
Event: 1192.636 loading class sun/nio/fs/WindowsFileCopy done
Event: 1192.638 Thread 0x0000027802d10000 Thread added: 0x0000027802d10000


Dynamic libraries:
0x00007ff605560000 - 0x00007ff60556d000 	C:\Program Files\OpenJDK\openjdk-11.0.15_10\bin\java.exe
0x00007ffa217b0000 - 0x00007ffa219a8000 	C:\WINDOWS\SYSTEM32\ntdll.dll
0x00007ffa20250000 - 0x00007ffa2030d000 	C:\WINDOWS\System32\KERNEL32.DLL
0x00007ffa1f240000 - 0x00007ffa1f50e000 	C:\WINDOWS\System32\KERNELBASE.dll
0x00007ffa1f710000 - 0x00007ffa1f810000 	C:\WINDOWS\System32\ucrtbase.dll
0x00007ffa17f50000 - 0x00007ffa17f66000 	C:\Program Files\OpenJDK\openjdk-11.0.15_10\bin\VCRUNTIME140.dll
0x00007ffa199f0000 - 0x00007ffa19a08000 	C:\Program Files\OpenJDK\openjdk-11.0.15_10\bin\jli.dll
0x00007ffa200b0000 - 0x00007ffa20250000 	C:\WINDOWS\System32\USER32.dll
0x00007ffa1eed0000 - 0x00007ffa1eef2000 	C:\WINDOWS\System32\win32u.dll
0x00007ffa11410000 - 0x00007ffa116aa000 	C:\WINDOWS\WinSxS\amd64_microsoft.windows.common-controls_6595b64144ccf1df_6.0.19041.1110_none_60b5254171f9507e\COMCTL32.dll
0x00007ffa20e10000 - 0x00007ffa20e3a000 	C:\WINDOWS\System32\GDI32.dll
0x00007ffa20aa0000 - 0x00007ffa20b3e000 	C:\WINDOWS\System32\msvcrt.dll
0x00007ffa1f560000 - 0x00007ffa1f66b000 	C:\WINDOWS\System32\gdi32full.dll
0x00007ffa1f670000 - 0x00007ffa1f70d000 	C:\WINDOWS\System32\msvcp_win.dll
0x00007ffa21740000 - 0x00007ffa21770000 	C:\WINDOWS\System32\IMM32.DLL
0x00007ffa04fb0000 - 0x00007ffa0505a000 	C:\Program Files\OpenJDK\openjdk-11.0.15_10\bin\msvcp140.dll
0x00007ff9c8e30000 - 0x00007ff9c9981000 	C:\Program Files\OpenJDK\openjdk-11.0.15_10\bin\server\jvm.dll
0x00007ffa20e40000 - 0x00007ffa20eee000 	C:\WINDOWS\System32\ADVAPI32.dll
0x00007ffa20b40000 - 0x00007ffa20bdc000 	C:\WINDOWS\System32\sechost.dll
0x00007ffa20830000 - 0x00007ffa20955000 	C:\WINDOWS\System32\RPCRT4.dll
0x00007ffa20e00000 - 0x00007ffa20e08000 	C:\WINDOWS\System32\PSAPI.DLL
0x00007ffa0f2b0000 - 0x00007ffa0f2b9000 	C:\WINDOWS\SYSTEM32\WSOCK32.dll
0x00007ffa20040000 - 0x00007ffa200ab000 	C:\WINDOWS\System32\WS2_32.dll
0x00007ffa0e9d0000 - 0x00007ffa0e9f7000 	C:\WINDOWS\SYSTEM32\WINMM.dll
0x00007ffa0f0d0000 - 0x00007ffa0f0da000 	C:\WINDOWS\SYSTEM32\VERSION.dll
0x00007ffa1cdd0000 - 0x00007ffa1cde2000 	C:\WINDOWS\SYSTEM32\kernel.appcore.dll
0x00007ffa17a60000 - 0x00007ffa17a71000 	C:\Program Files\OpenJDK\openjdk-11.0.15_10\bin\verify.dll
0x00007ffa0be40000 - 0x00007ffa0c024000 	C:\WINDOWS\SYSTEM32\DBGHELP.DLL
0x00007ffa0be10000 - 0x00007ffa0be3c000 	C:\WINDOWS\SYSTEM32\dbgcore.DLL
0x00007ffa1f1b0000 - 0x00007ffa1f232000 	C:\WINDOWS\System32\bcryptPrimitives.dll
0x00007ffa14eb0000 - 0x00007ffa14ed9000 	C:\Program Files\OpenJDK\openjdk-11.0.15_10\bin\java.dll
0x00007ffa17c40000 - 0x00007ffa17c4a000 	C:\Program Files\OpenJDK\openjdk-11.0.15_10\bin\jimage.dll
0x00007ffa14dc0000 - 0x00007ffa14dd8000 	C:\Program Files\OpenJDK\openjdk-11.0.15_10\bin\zip.dll
0x00007ffa1f8e0000 - 0x00007ffa20024000 	C:\WINDOWS\System32\SHELL32.dll
0x00007ffa1cfd0000 - 0x00007ffa1d764000 	C:\WINDOWS\SYSTEM32\windows.storage.dll
0x00007ffa213e0000 - 0x00007ffa21734000 	C:\WINDOWS\System32\combase.dll
0x00007ffa1e8c0000 - 0x00007ffa1e8f0000 	C:\WINDOWS\SYSTEM32\Wldp.dll
0x00007ffa20780000 - 0x00007ffa2082d000 	C:\WINDOWS\System32\SHCORE.dll
0x00007ffa20ef0000 - 0x00007ffa20f45000 	C:\WINDOWS\System32\shlwapi.dll
0x00007ffa1ee10000 - 0x00007ffa1ee2f000 	C:\WINDOWS\SYSTEM32\profapi.dll
0x00007ffa11800000 - 0x00007ffa11819000 	C:\Program Files\OpenJDK\openjdk-11.0.15_10\bin\net.dll
0x00007ffa116f0000 - 0x00007ffa117fa000 	C:\WINDOWS\SYSTEM32\WINHTTP.dll
0x00007ffa1e5c0000 - 0x00007ffa1e62a000 	C:\WINDOWS\system32\mswsock.dll
0x00007ffa10f60000 - 0x00007ffa10f73000 	C:\Program Files\OpenJDK\openjdk-11.0.15_10\bin\nio.dll
0x00007ffa064d0000 - 0x00007ffa064f7000 	C:\Users\abbas\.gradle\native\e1d6ef7f7dcc3fd88c89a11ec53ec762bb8ba0a96d01ffa2cd45eb1d1d8dd5c5\windows-amd64\native-platform.dll
0x00007ffa05310000 - 0x00007ffa05454000 	C:\Users\abbas\.gradle\native\5664cfc778a61ccfe75a443a1ab52a65af34e5dc3c78e0209fed803814484fcb\windows-amd64\native-platform-file-events.dll
0x00007ffa14db0000 - 0x00007ffa14db9000 	C:\Program Files\OpenJDK\openjdk-11.0.15_10\bin\management.dll
0x00007ffa11c30000 - 0x00007ffa11c3c000 	C:\Program Files\OpenJDK\openjdk-11.0.15_10\bin\management_ext.dll
0x00007ffa1e7b0000 - 0x00007ffa1e7c8000 	C:\WINDOWS\SYSTEM32\CRYPTSP.dll
0x00007ffa1df40000 - 0x00007ffa1df74000 	C:\WINDOWS\system32\rsaenh.dll
0x00007ffa1ef00000 - 0x00007ffa1ef27000 	C:\WINDOWS\System32\bcrypt.dll
0x00007ffa1edd0000 - 0x00007ffa1edfe000 	C:\WINDOWS\SYSTEM32\USERENV.dll
0x00007ffa1e7d0000 - 0x00007ffa1e7dc000 	C:\WINDOWS\SYSTEM32\CRYPTBASE.dll
0x00007ffa1e2b0000 - 0x00007ffa1e2eb000 	C:\WINDOWS\SYSTEM32\IPHLPAPI.DLL
0x00007ffa20030000 - 0x00007ffa20038000 	C:\WINDOWS\System32\NSI.dll
0x00007ffa13870000 - 0x00007ffa13887000 	C:\WINDOWS\SYSTEM32\dhcpcsvc6.DLL
0x00007ffa15150000 - 0x00007ffa1516d000 	C:\WINDOWS\SYSTEM32\dhcpcsvc.DLL
0x00007ffa1e2f0000 - 0x00007ffa1e3ba000 	C:\WINDOWS\SYSTEM32\DNSAPI.dll
0x00007ffa11240000 - 0x00007ffa1124a000 	C:\Windows\System32\rasadhlp.dll
0x00007ffa119a0000 - 0x00007ffa11a20000 	C:\WINDOWS\System32\fwpuclnt.dll
0x00007ffa1dbd0000 - 0x00007ffa1dc03000 	C:\WINDOWS\SYSTEM32\ntmarta.dll

dbghelp: loaded successfully - version: 4.0.5 - missing functions: none
symbol engine: initialized successfully - sym options: 0x614 - pdb path: .;C:\Program Files\OpenJDK\openjdk-11.0.15_10\bin;C:\WINDOWS\SYSTEM32;C:\WINDOWS\WinSxS\amd64_microsoft.windows.common-controls_6595b64144ccf1df_6.0.19041.1110_none_60b5254171f9507e;C:\Program Files\OpenJDK\openjdk-11.0.15_10\bin\server;C:\Users\abbas\.gradle\native\e1d6ef7f7dcc3fd88c89a11ec53ec762bb8ba0a96d01ffa2cd45eb1d1d8dd5c5\windows-amd64;C:\Users\abbas\.gradle\native\5664cfc778a61ccfe75a443a1ab52a65af34e5dc3c78e0209fed803814484fcb\windows-amd64

VM Arguments:
jvm_args: --add-opens=java.base/java.util=ALL-UNNAMED --add-opens=java.base/java.lang=ALL-UNNAMED --add-opens=java.base/java.lang.invoke=ALL-UNNAMED --add-opens=java.base/java.util=ALL-UNNAMED --add-opens=java.prefs/java.util.prefs=ALL-UNNAMED --add-opens=java.prefs/java.util.prefs=ALL-UNNAMED --add-opens=java.base/java.nio.charset=ALL-UNNAMED --add-opens=java.base/java.net=ALL-UNNAMED --add-opens=java.base/java.util.concurrent.atomic=ALL-UNNAMED -XX:MaxMetaspaceSize=256m -XX:+HeapDumpOnOutOfMemoryError -Xms256m -Xmx512m -Dfile.encoding=windows-1252 -Duser.country=US -Duser.language=en -Duser.variant 
java_command: org.gradle.launcher.daemon.bootstrap.GradleDaemon 7.2
java_class_path (initial): C:\Users\abbas\.gradle\wrapper\dists\gradle-7.2-all\260hg96vuh6ex27h9vo47iv4d\gradle-7.2\lib\gradle-launcher-7.2.jar
Launcher Type: SUN_STANDARD

[Global flags]
     intx CICompilerCount                          = 3                                         {product} {ergonomic}
   size_t CompressedClassSpaceSize                 = 260046848                                 {product} {ergonomic}
     uint ConcGCThreads                            = 1                                         {product} {ergonomic}
     uint G1ConcRefinementThreads                  = 4                                         {product} {ergonomic}
   size_t G1HeapRegionSize                         = 1048576                                   {product} {ergonomic}
    uintx GCDrainStackTargetSize                   = 64                                        {product} {ergonomic}
     bool HeapDumpOnOutOfMemoryError               = true                                   {manageable} {command line}
   size_t InitialHeapSize                          = 268435456                                 {product} {command line}
   size_t MarkStackSize                            = 4194304                                   {product} {ergonomic}
   size_t MaxHeapSize                              = 536870912                                 {product} {command line}
   size_t MaxMetaspaceSize                         = 268435456                                 {product} {command line}
   size_t MaxNewSize                               = 321912832                                 {product} {ergonomic}
   size_t MinHeapDeltaBytes                        = 1048576                                   {product} {ergonomic}
    uintx NonNMethodCodeHeapSize                   = 5830732                                {pd product} {ergonomic}
    uintx NonProfiledCodeHeapSize                  = 122913754                              {pd product} {ergonomic}
    uintx ProfiledCodeHeapSize                     = 122913754                              {pd product} {ergonomic}
    uintx ReservedCodeCacheSize                    = 251658240                              {pd product} {ergonomic}
     bool SegmentedCodeCache                       = true                                      {product} {ergonomic}
     bool UseCompressedClassPointers               = true                                 {lp64_product} {ergonomic}
     bool UseCompressedOops                        = true                                 {lp64_product} {ergonomic}
     bool UseG1GC                                  = true                                      {product} {ergonomic}
     bool UseLargePagesIndividualAllocation        = false                                  {pd product} {ergonomic}

Logging:
Log output configuration:
 #0: stdout all=warning uptime,level,tags
 #1: stderr all=off uptime,level,tags

Environment Variables:
JAVA_HOME=C:\Program Files\OpenJDK\openjdk-11.0.15_10
CLASSPATH=D:\C plus\Slyder-multipe-resolutions\slyderpro\android\\gradle\wrapper\gradle-wrapper.jar
PATH=D:\C plus\Slyder-multipe-resolutions\slyderpro\android\node_modules\.bin;D:\C plus\Slyder-multipe-resolutions\slyderpro\node_modules\.bin;D:\C plus\Slyder-multipe-resolutions\node_modules\.bin;D:\C plus\node_modules\.bin;D:\node_modules\.bin;C:\Program Files\nodejs;D:\C plus\Slyder-multipe-resolutions\slyderpro\node_modules\.bin;C:\Python38\Scripts\;C:\Python38\;C:\WINDOWS;C:\WINDOWS\System32\Wbem;C:\WINDOWS\System32\WindowsPowerShell\v1.0\;C:\WINDOWS\System32\OpenSSH\;C:\ProgramData\chocolatey\bin;C:\curl-7.70.0-win64-mingw\curl-7.70.0-win64-mingw\bin;C:\Program Files\Java\jdk1.8.0_211\bin;C:\Users\abbas\AppData\Local\Android\Sdk;C:\Users\abbas\AppData\Local\Android\Sdk\platform-tools;C:\Users\abbas\AppData\Local\Android\Sdk\emulator;C:\Users\abbas\AppData\Roaming\npm;C:\openssl\bin;C:\Program Files\Git\cmd;C:\Program Files\Git\mingw64\bin;C:\Program Files\Git\usr\bin;C:\Program Files\dotnet\;C:\Program Files\Microsoft SQL Server\130\Tools\Binn\;C:\Program Files\Microsoft SQL Server\Client SDK\ODBC\170\Tools\Binn\;C:\Program Files (x86)\Google\Chrome\Application;C:\Users\abbas\AppData\Roaming\nvm;C:\Program Files\nodejs;C:\Windows\System32;C:\Program Files\OpenJDK\openjdk-11.0.15_10\bin;C:\Program Files (x86)\Yarn\bin\;C:\Users\abbas\AppData\Local\Programs\Python\Python37\Scripts\;C:\Users\abbas\AppData\Local\Programs\Python\Python37\;C:\Ruby27-x64\bin;C:\Users\abbas\AppData\Local\Microsoft\WindowsApps;C:\Users\abbas\AppData\Local\Programs\Microsoft VS Code\bin;C:\curl-7.70.0-win64-mingw\curl-7.70.0-win64-mingw\bin;C:\Users\abbas\AppData\Local\GitHubDesktop\bin;C:\Users\abbas\AppData\Local\Microsoft\WindowsApps;C:\Users\abbas\.dotnet\tools;C:\Program Files\JetBrains\PyCharm Community Edition 2020.3.3\bin;;C:\Users\abbas\AppData\Roaming\npm;C:\Users\abbas\AppData\Roaming\nvm;C:\Program Files\nodejs;C:\Users\abbas\AppData\Local\Yarn\bin
USERNAME=abbas
OS=Windows_NT
PROCESSOR_IDENTIFIER=Intel64 Family 6 Model 42 Stepping 7, GenuineIntel



---------------  S Y S T E M  ---------------

OS: Windows 10 , 64 bit Build 19041 (10.0.19041.1889)
OS uptime: 1 days 2:53 hours

CPU:total 4 (initial active 4) (2 cores per cpu, 2 threads per core) family 6 model 42 stepping 7 microcode 0x2f, cmov, cx8, fxsr, mmx, sse, sse2, sse3, ssse3, sse4.1, sse4.2, popcnt, avx, aes, clmul, ht, tsc, tscinvbit

Memory: 4k page, system-wide physical 8092M (419M free)
TotalPageFile size 24863M (AvailPageFile size 4M)
current process WorkingSet (physical memory assigned to process): 512M, peak: 547M
current process commit charge ("private bytes"): 707M, peak: 709M

vm_info: OpenJDK 64-Bit Server VM (11.0.15+10) for windows-amd64 JRE (11.0.15+10), built on Apr 21 2022 21:29:46 by "tester" with MS VC++ 15.5 (VS2017)

END.
